2024/10/31 18:56:13 Воркер 1: обработал строку: Технология передачи данных является фундаментальной основой современной информационной инфраструктуры. Она обеспечивает обмен информацией между устройствами и системами, позволяя осуществлять коммуникации на локальном и глобальном уровнях.
2024/10/31 18:56:14 Воркер 2: обработал строку: 
2024/10/31 18:56:14 Воркер 1: обработал строку: 1. Основные понятия
2024/10/31 18:56:15 Воркер 3: обработал строку: Данные: Информация, представленная в цифровом виде для обработки и передачи.
2024/10/31 18:56:15 Воркер 2: обработал строку: Передача данных: Процесс перемещения данных от отправителя к получателю через определенный канал связи.
2024/10/31 18:56:15 Воркер 1: обработал строку: Канал связи: Среда, по которой передаются данные (проводная или беспроводная).
2024/10/31 18:56:16 Воркер 3: обработал строку: 2. Типы передачи данных
2024/10/31 18:56:16 Воркер 2: обработал строку: Аналоговая передача
2024/10/31 18:56:16 Воркер 1: обработал строку: Использует непрерывные сигналы для передачи информации. Примеры включают традиционные радио- и телевизионные передачи.
2024/10/31 18:56:17 Воркер 3: обработал строку: 
2024/10/31 18:56:17 Воркер 2: обработал строку: Цифровая передача
2024/10/31 18:56:17 Воркер 1: обработал строку: Данные представляются в двоичном виде (0 и 1). Этот тип передачи используется в компьютерных сетях и обеспечивает более высокую точность и надежность.
2024/10/31 18:56:18 Воркер 3: обработал строку: 
2024/10/31 18:56:18 Воркер 2: обработал строку: 3. Среды передачи данных
2024/10/31 18:56:18 Воркер 1: обработал строку: Проводные
2024/10/31 18:56:19 Воркер 3: обработал строку: Медные кабели: Включают витую пару и коаксиальные кабели. Используются в телефонных линиях и Ethernet-сетях.
2024/10/31 18:56:19 Воркер 2: обработал строку: Оптоволоконные кабели: Передача данных осуществляется с помощью световых импульсов. Обеспечивают высокую скорость и дальность передачи.
2024/10/31 18:56:19 Воркер 1: обработал строку: Беспроводные
2024/10/31 18:56:20 Воркер 3: обработал строку: Радиоволны: Используются в Wi-Fi, мобильной связи и спутниковых системах.
2024/10/31 18:56:20 Воркер 2: обработал строку: Инфракрасное излучение: Применяется в пультах дистанционного управления.
2024/10/31 18:56:20 Воркер 1: обработал строку: Микроволны: Используются для передачи данных на большие расстояния, включая спутниковую связь.
2024/10/31 18:56:21 Воркер 3: обработал строку: 4. Режимы передачи данных
2024/10/31 18:56:21 Воркер 2: обработал строку: Simplex: Односторонняя передача (например, радио).
2024/10/31 18:56:21 Воркер 1: обработал строку: Half-Duplex: Двусторонняя передача, но не одновременно (например, рации).
2024/10/31 18:56:22 Воркер 3: обработал строку: Full-Duplex: Одновременная двусторонняя передача (например, телефонные разговоры).
2024/10/31 18:56:22 Воркер 2: обработал строку: 5. Протоколы и стандарты
2024/10/31 18:56:22 Воркер 1: обработал строку: Протоколы определяют правила и форматы передачи данных, обеспечивая взаимодействие между устройствами.
2024/10/31 18:56:23 Воркер 3: обработал строку: 
2024/10/31 18:56:23 Воркер 2: обработал строку: TCP/IP: Базовый набор протоколов для Интернета.
2024/10/31 18:56:23 Воркер 3: обработал строку: HTTP/HTTPS: Протоколы для передачи веб-страниц.
2024/10/31 18:56:23 Воркер 1: обработал строку: FTP: Протокол передачи файлов.
2024/10/31 18:56:24 Воркер 3: отправлен сигнал на остановку и удаление
2024/10/31 18:56:24 Воркер 3: удалён
2024/10/31 18:56:24 Воркер 2: обработал строку: SMTP/POP3/IMAP: Протоколы для отправки и получения электронной почты.
2024/10/31 18:56:24 Воркер 3: обработал строку: 6. Модели сетей
2024/10/31 18:56:24 Воркер 1: обработал строку: Модель OSI
2024/10/31 18:56:25 Воркер 4: обработал строку: Семислойная модель, описывающая функции сетевых систем на разных уровнях:
2024/10/31 18:56:25 Воркер 2: обработал строку: 
2024/10/31 18:56:25 Воркер 3: обработал строку: Физический слой
2024/10/31 18:56:25 Воркер 5: обработал строку: Канальный слой
2024/10/31 18:56:25 Воркер 1: обработал строку: Сетевой слой
2024/10/31 18:56:26 Воркер 4: обработал строку: Транспортный слой
2024/10/31 18:56:26 Воркер 6: обработал строку: Сеансовый слой
2024/10/31 18:56:26 Воркер 2: обработал строку: Представительский слой
2024/10/31 18:56:26 Воркер 3: обработал строку: Прикладной слой
2024/10/31 18:56:26 Воркер 5: обработал строку: Модель TCP/IP
2024/10/31 18:56:26 Воркер 1: обработал строку: Сокращенная версия модели OSI, используемая в реальных сетях.
2024/10/31 18:56:27 Воркер 7: обработал строку: 
2024/10/31 18:56:27 Воркер 4: обработал строку: 7. Методы кодирования и модуляции
2024/10/31 18:56:27 Воркер 6: обработал строку: Кодирование: Преобразование данных в сигналы для передачи.
2024/10/31 18:56:27 Воркер 2: обработал строку: Модуляция: Процесс изменения характеристик несущего сигнала для передачи данных (AM, FM, PSK).
2024/10/31 18:56:27 Воркер 3: обработал строку: 8. Контроль ошибок и исправление
2024/10/31 18:56:27 Воркер 5: обработал строку: CRC (Cyclic Redundancy Check): Метод обнаружения ошибок в переданных данных.
2024/10/31 18:56:27 Воркер 1: обработал строку: ARQ (Automatic Repeat reQuest): Протоколы, требующие повторной передачи ошибочных данных.
2024/10/31 18:56:28 Воркер 7: обработал строку: 9. Скорость передачи данных
2024/10/31 18:56:28 Воркер 4: обработал строку: Измеряется в битах в секунду (bps). Пропускная способность канала влияет на скорость передачи.
2024/10/31 18:56:28 Воркер 6: обработал строку: 
2024/10/31 18:56:28 Воркер 2: обработал строку: 10. Безопасность передачи данных
2024/10/31 18:56:28 Воркер 3: обработал строку: Шифрование: Использование алгоритмов для защиты данных от несанкционированного доступа.
2024/10/31 18:56:28 Воркер 5: обработал строку: SSL/TLS: Протоколы для безопасной передачи данных в Интернете.
2024/10/31 18:56:28 Воркер 1: обработал строку: VPN: Создание защищенных каналов поверх публичных сетей.
2024/10/31 18:56:29 Воркер 1: отправлен сигнал на остановку и удаление
2024/10/31 18:56:29 Воркер 2: отправлен сигнал на остановку и удаление
2024/10/31 18:56:29 Воркер 3: отправлен сигнал на остановку и удаление
2024/10/31 18:56:29 Воркер 4: отправлен сигнал на остановку и удаление
2024/10/31 18:56:29 Воркер 5: отправлен сигнал на остановку и удаление
2024/10/31 18:56:29 Воркер 6: отправлен сигнал на остановку и удаление
2024/10/31 18:56:29 Воркер 7: отправлен сигнал на остановку и удаление
2024/10/31 18:56:29 Воркер 7: канал закрыт, завершаю работу
2024/10/31 18:56:29 Воркер 4: канал закрыт, завершаю работу
2024/10/31 18:56:29 Воркер 6: канал закрыт, завершаю работу
2024/10/31 18:56:29 Воркер 2: канал закрыт, завершаю работу
2024/10/31 18:56:29 Воркер 3: канал закрыт, завершаю работу
2024/10/31 18:56:29 Воркер 5: канал закрыт, завершаю работу
2024/10/31 18:56:29 Воркер 1: канал закрыт, завершаю работу
2024/10/31 18:56:51 Воркер 1: обработал строку: Технология передачи данных является фундаментальной основой современной информационной инфраструктуры. Она обеспечивает обмен информацией между устройствами и системами, позволяя осуществлять коммуникации на локальном и глобальном уровнях.
2024/10/31 18:56:52 Воркер 2: обработал строку: 
2024/10/31 18:56:52 Воркер 1: обработал строку: 1. Основные понятия
2024/10/31 18:56:52 Воркер 3: обработал строку: Данные: Информация, представленная в цифровом виде для обработки и передачи.
2024/10/31 18:56:53 Воркер 2: обработал строку: Передача данных: Процесс перемещения данных от отправителя к получателю через определенный канал связи.
2024/10/31 18:56:53 Воркер 1: обработал строку: Канал связи: Среда, по которой передаются данные (проводная или беспроводная).
2024/10/31 18:56:53 Воркер 3: обработал строку: 2. Типы передачи данных
2024/10/31 18:56:54 Воркер 2: обработал строку: Аналоговая передача
2024/10/31 18:56:54 Воркер 1: обработал строку: Использует непрерывные сигналы для передачи информации. Примеры включают традиционные радио- и телевизионные передачи.
2024/10/31 18:56:54 Воркер 3: обработал строку: 
2024/10/31 18:56:55 Воркер 2: обработал строку: Цифровая передача
2024/10/31 18:56:55 Воркер 1: обработал строку: Данные представляются в двоичном виде (0 и 1). Этот тип передачи используется в компьютерных сетях и обеспечивает более высокую точность и надежность.
2024/10/31 18:56:55 Воркер 3: обработал строку: 
2024/10/31 18:56:56 Воркер 2: обработал строку: 3. Среды передачи данных
2024/10/31 18:56:56 Воркер 1: обработал строку: Проводные
2024/10/31 18:56:56 Воркер 3: обработал строку: Медные кабели: Включают витую пару и коаксиальные кабели. Используются в телефонных линиях и Ethernet-сетях.
2024/10/31 18:56:57 Воркер 2: обработал строку: Оптоволоконные кабели: Передача данных осуществляется с помощью световых импульсов. Обеспечивают высокую скорость и дальность передачи.
2024/10/31 18:56:57 Воркер 1: обработал строку: Беспроводные
2024/10/31 18:56:57 Воркер 3: обработал строку: Радиоволны: Используются в Wi-Fi, мобильной связи и спутниковых системах.
2024/10/31 18:56:58 Воркер 2: обработал строку: Инфракрасное излучение: Применяется в пультах дистанционного управления.
2024/10/31 18:56:58 Воркер 1: обработал строку: Микроволны: Используются для передачи данных на большие расстояния, включая спутниковую связь.
2024/10/31 18:56:58 Воркер 3: обработал строку: 4. Режимы передачи данных
2024/10/31 18:56:58 Воркер 3: обработал строку: Simplex: Односторонняя передача (например, радио).
2024/10/31 18:56:59 Воркер 2: обработал строку: Half-Duplex: Двусторонняя передача, но не одновременно (например, рации).
2024/10/31 18:56:59 Воркер 1: обработал строку: Full-Duplex: Одновременная двусторонняя передача (например, телефонные разговоры).
2024/10/31 18:56:59 Воркер 3: обработал строку: 5. Протоколы и стандарты
2024/10/31 18:56:59 Воркер 3: обработал строку: Протоколы определяют правила и форматы передачи данных, обеспечивая взаимодействие между устройствами.
2024/10/31 18:57:00 Воркер 4: обработал строку: 
2024/10/31 18:57:00 Воркер 2: обработал строку: TCP/IP: Базовый набор протоколов для Интернета.
2024/10/31 18:57:00 Воркер 1: обработал строку: HTTP/HTTPS: Протоколы для передачи веб-страниц.
2024/10/31 18:57:00 Воркер 3: обработал строку: FTP: Протокол передачи файлов.
2024/10/31 18:57:00 Воркер 5: обработал строку: SMTP/POP3/IMAP: Протоколы для отправки и получения электронной почты.
2024/10/31 18:57:00 Воркер 3: обработал строку: 6. Модели сетей
2024/10/31 18:57:01 Воркер 4: обработал строку: Модель OSI
2024/10/31 18:57:01 Воркер 2: обработал строку: Семислойная модель, описывающая функции сетевых систем на разных уровнях:
2024/10/31 18:57:01 Воркер 1: обработал строку: 
2024/10/31 18:57:01 Воркер 6: обработал строку: Физический слой
2024/10/31 18:57:01 Воркер 3: обработал строку: Канальный слой
2024/10/31 18:57:01 Воркер 5: обработал строку: Сетевой слой
2024/10/31 18:57:01 Воркер 3: отправлен сигнал на остановку и удаление
2024/10/31 18:57:01 Воркер 3: удалён
2024/10/31 18:57:02 Воркер 4: обработал строку: Транспортный слой
2024/10/31 18:57:02 Воркер 2: обработал строку: Сеансовый слой
2024/10/31 18:57:02 Воркер 1: обработал строку: Представительский слой
2024/10/31 18:57:02 Воркер 7: обработал строку: Прикладной слой
2024/10/31 18:57:02 Воркер 6: обработал строку: Модель TCP/IP
2024/10/31 18:57:02 Воркер 3: обработал строку: Сокращенная версия модели OSI, используемая в реальных сетях.
2024/10/31 18:57:02 Воркер 5: обработал строку: 
2024/10/31 18:57:02 Воркер 8: обработал строку: 7. Методы кодирования и модуляции
2024/10/31 18:57:03 Воркер 4: обработал строку: Кодирование: Преобразование данных в сигналы для передачи.
2024/10/31 18:57:03 Воркер 2: обработал строку: Модуляция: Процесс изменения характеристик несущего сигнала для передачи данных (AM, FM, PSK).
2024/10/31 18:57:03 Воркер 1: обработал строку: 8. Контроль ошибок и исправление
2024/10/31 18:57:03 Воркер 7: обработал строку: CRC (Cyclic Redundancy Check): Метод обнаружения ошибок в переданных данных.
2024/10/31 18:57:03 Воркер 6: обработал строку: ARQ (Automatic Repeat reQuest): Протоколы, требующие повторной передачи ошибочных данных.
2024/10/31 18:57:03 Воркер 9: обработал строку: 9. Скорость передачи данных
2024/10/31 18:57:03 Воркер 3: обработал строку: Измеряется в битах в секунду (bps). Пропускная способность канала влияет на скорость передачи.
2024/10/31 18:57:03 Воркер 5: обработал строку: 
2024/10/31 18:57:03 Воркер 8: обработал строку: 10. Безопасность передачи данных
2024/10/31 18:57:04 Воркер 10: обработал строку: Шифрование: Использование алгоритмов для защиты данных от несанкционированного доступа.
2024/10/31 18:57:04 Воркер 4: обработал строку: SSL/TLS: Протоколы для безопасной передачи данных в Интернете.
2024/10/31 18:57:04 Воркер 2: обработал строку: VPN: Создание защищенных каналов поверх публичных сетей.
2024/10/31 18:57:04 Воркер 1: обработал строку: 11. Современные технологии
2024/10/31 18:57:04 Воркер 7: обработал строку: 5G: Новое поколение мобильной связи с высокой скоростью и низкой задержкой.
2024/10/31 18:57:04 Воркер 6: обработал строку: Интернет вещей (IoT): Сеть устройств, взаимодействующих между собой без участия человека.
2024/10/31 18:57:04 Воркер 9: обработал строку: Квантовая связь: Использование квантовых технологий для передачи данных с высокой степенью безопасности.
2024/10/31 18:57:04 Воркер 3: обработал строку: 12. Будущие тенденции
2024/10/31 18:57:04 Воркер 11: обработал строку: Edge Computing: Обработка данных на периферии сети для снижения задержек.
2024/10/31 18:57:04 Воркер 5: обработал строку: Ли-Фай (Li-Fi): Передача данных с помощью видимого света.
2024/10/31 18:57:04 Воркер 8: обработал строку: Искусственный интеллект в сетях: Оптимизация передачи данных с помощью машинного обучения.
2024/10/31 18:57:05 Воркер 10: обработал строку: Заключение
2024/10/31 18:57:05 Воркер 4: обработал строку: Технологии передачи данных постоянно эволюционируют, удовлетворяя растущие потребности в скорости, надежности и безопасности. Они играют ключевую роль в развитии глобальной коммуникации, экономики и технологий будущего.
2024/10/31 18:57:05 Воркер 3: отправлен сигнал на остановку и удаление
2024/10/31 18:57:05 Воркер 4: отправлен сигнал на остановку и удаление
2024/10/31 18:57:05 Воркер 5: отправлен сигнал на остановку и удаление
2024/10/31 18:57:05 Воркер 6: отправлен сигнал на остановку и удаление
2024/10/31 18:57:05 Воркер 7: отправлен сигнал на остановку и удаление
2024/10/31 18:57:05 Воркер 8: отправлен сигнал на остановку и удаление
2024/10/31 18:57:05 Воркер 9: отправлен сигнал на остановку и удаление
2024/10/31 18:57:05 Воркер 10: отправлен сигнал на остановку и удаление
2024/10/31 18:57:05 Воркер 1: отправлен сигнал на остановку и удаление
2024/10/31 18:57:05 Воркер 2: отправлен сигнал на остановку и удаление
2024/10/31 18:57:05 Воркер 11: отправлен сигнал на остановку и удаление
2024/10/31 18:57:05 Воркер 1: канал закрыт, завершаю работу
2024/10/31 18:57:05 Воркер 2: канал закрыт, завершаю работу
2024/10/31 18:57:05 Воркер 1: канал закрыт, завершаю работу
2024/10/31 18:57:05 Воркер 7: канал закрыт, завершаю работу
2024/10/31 18:57:05 Воркер 6: канал закрыт, завершаю работу
2024/10/31 18:57:05 Воркер 9: канал закрыт, завершаю работу
2024/10/31 18:57:05 Воркер 3: канал закрыт, завершаю работу
2024/10/31 18:57:05 Воркер 11: канал закрыт, завершаю работу
2024/10/31 18:57:05 Воркер 5: канал закрыт, завершаю работу
2024/10/31 18:57:05 Воркер 8: канал закрыт, завершаю работу
2024/10/31 18:57:06 Воркер 10: канал закрыт, завершаю работу
2024/10/31 18:57:06 Воркер 4: канал закрыт, завершаю работу
2024/10/31 22:07:13 Воркер 1: обработал строку: Технология передачи данных является фундаментальной основой современной информационной инфраструктуры. Она обеспечивает обмен информацией между устройствами и системами, позволяя осуществлять коммуникации на локальном и глобальном уровнях.
2024/10/31 22:07:14 Воркер 2: обработал строку: 
2024/10/31 22:07:14 Воркер 1: обработал строку: 1. Основные понятия
2024/10/31 22:07:15 Воркер 3: обработал строку: Данные: Информация, представленная в цифровом виде для обработки и передачи.
2024/10/31 22:07:15 Воркер 2: обработал строку: Передача данных: Процесс перемещения данных от отправителя к получателю через определенный канал связи.
2024/10/31 22:07:15 Воркер 1: обработал строку: Канал связи: Среда, по которой передаются данные (проводная или беспроводная).
2024/10/31 22:07:16 Воркер 3: обработал строку: 2. Типы передачи данных
2024/10/31 22:07:16 Воркер 2: обработал строку: Аналоговая передача
2024/10/31 22:07:16 Воркер 1: обработал строку: Использует непрерывные сигналы для передачи информации. Примеры включают традиционные радио- и телевизионные передачи.
2024/10/31 22:07:17 Воркер 3: обработал строку: 
2024/10/31 22:07:17 Воркер 2: обработал строку: Цифровая передача
2024/10/31 22:07:17 Воркер 1: обработал строку: Данные представляются в двоичном виде (0 и 1). Этот тип передачи используется в компьютерных сетях и обеспечивает более высокую точность и надежность.
2024/10/31 22:07:18 Воркер 3: обработал строку: 
2024/10/31 22:07:18 Воркер 2: обработал строку: 3. Среды передачи данных
2024/10/31 22:07:18 Воркер 1: обработал строку: Проводные
2024/10/31 22:07:19 Воркер 3: обработал строку: Медные кабели: Включают витую пару и коаксиальные кабели. Используются в телефонных линиях и Ethernet-сетях.
2024/10/31 22:07:19 Воркер 2: обработал строку: Оптоволоконные кабели: Передача данных осуществляется с помощью световых импульсов. Обеспечивают высокую скорость и дальность передачи.
2024/10/31 22:07:19 Воркер 1: обработал строку: Беспроводные
2024/10/31 22:07:20 Воркер 3: обработал строку: Радиоволны: Используются в Wi-Fi, мобильной связи и спутниковых системах.
2024/10/31 22:07:20 Воркер 2: обработал строку: Инфракрасное излучение: Применяется в пультах дистанционного управления.
2024/10/31 22:07:20 Воркер 1: обработал строку: Микроволны: Используются для передачи данных на большие расстояния, включая спутниковую связь.
2024/10/31 22:07:21 Воркер 3: обработал строку: 4. Режимы передачи данных
2024/10/31 22:07:21 Воркер 2: обработал строку: Simplex: Односторонняя передача (например, радио).
2024/10/31 22:07:21 Воркер 1: обработал строку: Half-Duplex: Двусторонняя передача, но не одновременно (например, рации).
2024/10/31 22:07:22 Воркер 3: обработал строку: Full-Duplex: Одновременная двусторонняя передача (например, телефонные разговоры).
2024/10/31 22:07:22 Воркер 3: обработал строку: 5. Протоколы и стандарты
2024/10/31 22:07:22 Воркер 2: обработал строку: Протоколы определяют правила и форматы передачи данных, обеспечивая взаимодействие между устройствами.
2024/10/31 22:07:22 Воркер 1: отправлен сигнал на остановку и удаление
2024/10/31 22:07:22 Воркер 1: удалён
2024/10/31 22:07:23 Воркер 3: обработал строку: 
2024/10/31 22:07:23 Воркер 3: обработал строку: TCP/IP: Базовый набор протоколов для Интернета.
2024/10/31 22:07:23 Воркер 2: обработал строку: HTTP/HTTPS: Протоколы для передачи веб-страниц.
2024/10/31 22:07:24 Воркер 3: обработал строку: FTP: Протокол передачи файлов.
2024/10/31 22:07:24 Воркер 3: обработал строку: SMTP/POP3/IMAP: Протоколы для отправки и получения электронной почты.
2024/10/31 22:07:24 Воркер 2: обработал строку: 6. Модели сетей
2024/10/31 22:07:25 Воркер 3: обработал строку: Модель OSI
2024/10/31 22:07:25 Воркер 3: обработал строку: Семислойная модель, описывающая функции сетевых систем на разных уровнях:
2024/10/31 22:07:25 Воркер 3: обработал строку: 
2024/10/31 22:07:25 Воркер 3: обработал строку: Физический слой
2024/10/31 22:07:25 Воркер 2: обработал строку: Канальный слой
2024/10/31 22:07:26 Воркер 3: обработал строку: Сетевой слой
2024/10/31 22:07:26 Воркер 3: обработал строку: Транспортный слой
2024/10/31 22:07:26 Воркер 3: обработал строку: Сеансовый слой
2024/10/31 22:07:26 Воркер 3: обработал строку: Представительский слой
2024/10/31 22:07:26 Воркер 3: обработал строку: Прикладной слой
2024/10/31 22:07:26 Воркер 2: обработал строку: Модель TCP/IP
2024/10/31 22:07:27 Воркер 3: обработал строку: Сокращенная версия модели OSI, используемая в реальных сетях.
2024/10/31 22:07:27 Воркер 3: обработал строку: 
2024/10/31 22:07:27 Воркер 3: обработал строку: 7. Методы кодирования и модуляции
2024/10/31 22:07:27 Воркер 3: обработал строку: Кодирование: Преобразование данных в сигналы для передачи.
2024/10/31 22:07:27 Воркер 3: обработал строку: Модуляция: Процесс изменения характеристик несущего сигнала для передачи данных (AM, FM, PSK).
2024/10/31 22:07:27 Воркер 3: обработал строку: 8. Контроль ошибок и исправление
2024/10/31 22:07:27 Воркер 2: обработал строку: CRC (Cyclic Redundancy Check): Метод обнаружения ошибок в переданных данных.
2024/10/31 22:07:28 Воркер 3: обработал строку: ARQ (Automatic Repeat reQuest): Протоколы, требующие повторной передачи ошибочных данных.
2024/10/31 22:07:28 Воркер 3: обработал строку: 9. Скорость передачи данных
2024/10/31 22:07:28 Воркер 3: обработал строку: Измеряется в битах в секунду (bps). Пропускная способность канала влияет на скорость передачи.
2024/10/31 22:07:28 Воркер 3: обработал строку: 
2024/10/31 22:07:28 Воркер 3: обработал строку: 10. Безопасность передачи данных
2024/10/31 22:07:28 Воркер 3: обработал строку: Шифрование: Использование алгоритмов для защиты данных от несанкционированного доступа.
2024/10/31 22:07:28 Воркер 3: обработал строку: SSL/TLS: Протоколы для безопасной передачи данных в Интернете.
2024/10/31 22:07:28 Воркер 2: обработал строку: VPN: Создание защищенных каналов поверх публичных сетей.
2024/10/31 22:07:29 Воркер 3: обработал строку: 11. Современные технологии
2024/10/31 22:07:29 Воркер 3: обработал строку: 5G: Новое поколение мобильной связи с высокой скоростью и низкой задержкой.
2024/10/31 22:07:29 Воркер 3: обработал строку: Интернет вещей (IoT): Сеть устройств, взаимодействующих между собой без участия человека.
2024/10/31 22:07:29 Воркер 3: обработал строку: Квантовая связь: Использование квантовых технологий для передачи данных с высокой степенью безопасности.
2024/10/31 22:07:29 Воркер 3: обработал строку: 12. Будущие тенденции
2024/10/31 22:07:29 Воркер 3: обработал строку: Edge Computing: Обработка данных на периферии сети для снижения задержек.
2024/10/31 22:07:29 Воркер 3: обработал строку: Ли-Фай (Li-Fi): Передача данных с помощью видимого света.
2024/10/31 22:07:29 Воркер 2: обработал строку: Искусственный интеллект в сетях: Оптимизация передачи данных с помощью машинного обучения.
2024/10/31 22:07:30 Воркер 3: обработал строку: Заключение
2024/10/31 22:07:30 Воркер 3: обработал строку: Технологии передачи данных постоянно эволюционируют, удовлетворяя растущие потребности в скорости, надежности и безопасности. Они играют ключевую роль в развитии глобальной коммуникации, экономики и технологий будущего.
2024/10/31 22:07:30 Воркер 3: отправлен сигнал на остановку и удаление
2024/10/31 22:07:30 Воркер 2: отправлен сигнал на остановку и удаление
2024/10/31 22:07:30 Воркер 1: канал закрыт, завершаю работу
2024/10/31 22:07:30 Воркер 3: канал закрыт, завершаю работу
2024/10/31 22:07:30 Воркер 3: канал закрыт, завершаю работу
2024/10/31 22:07:30 Воркер 3: канал закрыт, завершаю работу
2024/10/31 22:07:30 Воркер 3: канал закрыт, завершаю работу
2024/10/31 22:07:30 Воркер 3: канал закрыт, завершаю работу
2024/10/31 22:07:30 Воркер 2: канал закрыт, завершаю работу
2024/10/31 22:07:31 Воркер 3: канал закрыт, завершаю работу
2024/10/31 22:07:31 Воркер 3: канал закрыт, завершаю работу
2024/11/01 09:50:02 Воркер 1: обработал строку: Технология передачи данных является фундаментальной основой современной информационной инфраструктуры. Она обеспечивает обмен информацией между устройствами и системами, позволяя осуществлять коммуникации на локальном и глобальном уровнях.
2024/11/01 09:50:03 Воркер 2: обработал строку: 
2024/11/01 09:50:03 Воркер 1: обработал строку: 1. Основные понятия
2024/11/01 09:50:03 Воркер 3: обработал строку: Данные: Информация, представленная в цифровом виде для обработки и передачи.
2024/11/01 09:50:04 Воркер 2: обработал строку: Передача данных: Процесс перемещения данных от отправителя к получателю через определенный канал связи.
2024/11/01 09:50:04 Воркер 1: обработал строку: Канал связи: Среда, по которой передаются данные (проводная или беспроводная).
2024/11/01 09:50:04 Воркер 4: обработал строку: 2. Типы передачи данных
2024/11/01 09:50:04 Воркер 3: обработал строку: Аналоговая передача
2024/11/01 09:50:05 Воркер 2: обработал строку: Использует непрерывные сигналы для передачи информации. Примеры включают традиционные радио- и телевизионные передачи.
2024/11/01 09:50:05 Воркер 1: обработал строку: 
2024/11/01 09:50:05 Воркер 4: обработал строку: Цифровая передача
2024/11/01 09:50:05 Воркер 3: обработал строку: Данные представляются в двоичном виде (0 и 1). Этот тип передачи используется в компьютерных сетях и обеспечивает более высокую точность и надежность.
2024/11/01 09:50:06 Воркер 2: обработал строку: 
2024/11/01 09:50:06 Воркер 1: обработал строку: 3. Среды передачи данных
2024/11/01 09:50:06 Воркер 4: обработал строку: Проводные
2024/11/01 09:50:06 Воркер 3: обработал строку: Медные кабели: Включают витую пару и коаксиальные кабели. Используются в телефонных линиях и Ethernet-сетях.
2024/11/01 09:50:07 Воркер 2: обработал строку: Оптоволоконные кабели: Передача данных осуществляется с помощью световых импульсов. Обеспечивают высокую скорость и дальность передачи.
2024/11/01 09:50:07 Воркер 1: обработал строку: Беспроводные
2024/11/01 09:50:07 Воркер 4: обработал строку: Радиоволны: Используются в Wi-Fi, мобильной связи и спутниковых системах.
2024/11/01 09:50:07 Воркер 3: обработал строку: Инфракрасное излучение: Применяется в пультах дистанционного управления.
2024/11/01 09:50:08 Воркер 2: обработал строку: Микроволны: Используются для передачи данных на большие расстояния, включая спутниковую связь.
2024/11/01 09:50:08 Воркер 1: обработал строку: 4. Режимы передачи данных
2024/11/01 09:50:08 Воркер 4: обработал строку: Simplex: Односторонняя передача (например, радио).
2024/11/01 09:50:08 Воркер 3: обработал строку: Half-Duplex: Двусторонняя передача, но не одновременно (например, рации).
2024/11/01 09:50:09 Воркер 2: обработал строку: Full-Duplex: Одновременная двусторонняя передача (например, телефонные разговоры).
2024/11/01 09:50:09 Воркер 1: обработал строку: 5. Протоколы и стандарты
2024/11/01 09:50:09 Воркер 4: обработал строку: Протоколы определяют правила и форматы передачи данных, обеспечивая взаимодействие между устройствами.
2024/11/01 09:50:09 Воркер 3: обработал строку: 
2024/11/01 09:50:10 Воркер 2: обработал строку: TCP/IP: Базовый набор протоколов для Интернета.
2024/11/01 09:50:10 Воркер 1: обработал строку: HTTP/HTTPS: Протоколы для передачи веб-страниц.
2024/11/01 09:50:10 Воркер 4: обработал строку: FTP: Протокол передачи файлов.
2024/11/01 09:50:10 Воркер 3: обработал строку: SMTP/POP3/IMAP: Протоколы для отправки и получения электронной почты.
2024/11/01 09:50:11 Воркер 2: обработал строку: 6. Модели сетей
2024/11/01 09:50:11 Воркер 1: отправлен сигнал на остановку и удаление
2024/11/01 09:50:11 Воркер 1: удалён
2024/11/01 09:50:11 Воркер 4: обработал строку: Модель OSI
2024/11/01 09:50:11 Воркер 3: обработал строку: Семислойная модель, описывающая функции сетевых систем на разных уровнях:
2024/11/01 09:50:12 Воркер 2: обработал строку: 
2024/11/01 09:50:12 Воркер 4: обработал строку: Физический слой
2024/11/01 09:50:12 Воркер 4: обработал строку: Канальный слой
2024/11/01 09:50:12 Воркер 3: обработал строку: Сетевой слой
2024/11/01 09:50:13 Воркер 2: обработал строку: Транспортный слой
2024/11/01 09:50:13 Воркер 4: обработал строку: Сеансовый слой
2024/11/01 09:50:13 Воркер 4: обработал строку: Представительский слой
2024/11/01 09:50:13 Воркер 4: обработал строку: Прикладной слой
2024/11/01 09:50:13 Воркер 3: обработал строку: Модель TCP/IP
2024/11/01 09:50:14 Воркер 2: обработал строку: Сокращенная версия модели OSI, используемая в реальных сетях.
2024/11/01 09:50:14 Воркер 4: обработал строку: 
2024/11/01 09:50:14 Воркер 4: обработал строку: 7. Методы кодирования и модуляции
2024/11/01 09:50:14 Воркер 4: обработал строку: Кодирование: Преобразование данных в сигналы для передачи.
2024/11/01 09:50:14 Воркер 4: обработал строку: Модуляция: Процесс изменения характеристик несущего сигнала для передачи данных (AM, FM, PSK).
2024/11/01 09:50:14 Воркер 3: обработал строку: 8. Контроль ошибок и исправление
2024/11/01 09:50:14 Воркер 4: обработал строку: CRC (Cyclic Redundancy Check): Метод обнаружения ошибок в переданных данных.
2024/11/01 09:50:15 Воркер 2: обработал строку: ARQ (Automatic Repeat reQuest): Протоколы, требующие повторной передачи ошибочных данных.
2024/11/01 09:50:15 Воркер 4: обработал строку: 9. Скорость передачи данных
2024/11/01 09:50:15 Воркер 4: обработал строку: Измеряется в битах в секунду (bps). Пропускная способность канала влияет на скорость передачи.
2024/11/01 09:50:15 Воркер 4: обработал строку: 
2024/11/01 09:50:15 Воркер 4: обработал строку: 10. Безопасность передачи данных
2024/11/01 09:50:15 Воркер 3: обработал строку: Шифрование: Использование алгоритмов для защиты данных от несанкционированного доступа.
2024/11/01 09:50:15 Воркер 4: обработал строку: SSL/TLS: Протоколы для безопасной передачи данных в Интернете.
2024/11/01 09:50:15 Воркер 4: обработал строку: VPN: Создание защищенных каналов поверх публичных сетей.
2024/11/01 09:50:16 Воркер 2: обработал строку: 11. Современные технологии
2024/11/01 09:50:16 Воркер 4: обработал строку: 5G: Новое поколение мобильной связи с высокой скоростью и низкой задержкой.
2024/11/01 09:50:16 Воркер 4: обработал строку: Интернет вещей (IoT): Сеть устройств, взаимодействующих между собой без участия человека.
2024/11/01 09:50:16 Воркер 4: обработал строку: Квантовая связь: Использование квантовых технологий для передачи данных с высокой степенью безопасности.
2024/11/01 09:50:16 Воркер 4: обработал строку: 12. Будущие тенденции
2024/11/01 09:50:16 Воркер 3: обработал строку: Edge Computing: Обработка данных на периферии сети для снижения задержек.
2024/11/01 09:50:16 Воркер 4: обработал строку: Ли-Фай (Li-Fi): Передача данных с помощью видимого света.
2024/11/01 09:50:16 Воркер 4: обработал строку: Искусственный интеллект в сетях: Оптимизация передачи данных с помощью машинного обучения.
2024/11/01 09:50:17 Воркер 2: обработал строку: Заключение
2024/11/01 09:50:17 Воркер 4: обработал строку: Технологии передачи данных постоянно эволюционируют, удовлетворяя растущие потребности в скорости, надежности и безопасности. Они играют ключевую роль в развитии глобальной коммуникации, экономики и технологий будущего.
2024/11/01 09:50:17 Воркер 2: отправлен сигнал на остановку и удаление
2024/11/01 09:50:17 Воркер 3: отправлен сигнал на остановку и удаление
2024/11/01 09:50:17 Воркер 4: отправлен сигнал на остановку и удаление
2024/11/01 09:50:17 Воркер 4: канал закрыт, завершаю работу
2024/11/01 09:50:17 Воркер 4: канал закрыт, завершаю работу
2024/11/01 09:50:17 Воркер 4: канал закрыт, завершаю работу
2024/11/01 09:50:17 Воркер 3: канал закрыт, завершаю работу
2024/11/01 09:50:17 Воркер 4: канал закрыт, завершаю работу
2024/11/01 09:50:17 Воркер 4: канал закрыт, завершаю работу
2024/11/01 09:50:18 Воркер 2: канал закрыт, завершаю работу
2024/11/01 09:50:18 Воркер 4: канал закрыт, завершаю работу
2024/11/01 09:50:25 Воркер 1: обработал строку: Технология передачи данных является фундаментальной основой современной информационной инфраструктуры. Она обеспечивает обмен информацией между устройствами и системами, позволяя осуществлять коммуникации на локальном и глобальном уровнях.
2024/11/01 09:50:26 Воркер 2: обработал строку: 
2024/11/01 09:50:26 Воркер 1: обработал строку: 1. Основные понятия
2024/11/01 09:50:27 Воркер 3: обработал строку: Данные: Информация, представленная в цифровом виде для обработки и передачи.
2024/11/01 09:50:27 Воркер 2: обработал строку: Передача данных: Процесс перемещения данных от отправителя к получателю через определенный канал связи.
2024/11/01 09:50:27 Воркер 1: обработал строку: Канал связи: Среда, по которой передаются данные (проводная или беспроводная).
2024/11/01 09:50:27 Воркер 4: обработал строку: 2. Типы передачи данных
2024/11/01 09:50:28 Воркер 3: обработал строку: Аналоговая передача
2024/11/01 09:50:28 Воркер 2: обработал строку: Использует непрерывные сигналы для передачи информации. Примеры включают традиционные радио- и телевизионные передачи.
2024/11/01 09:50:28 Воркер 1: обработал строку: 
2024/11/01 09:50:28 Воркер 4: обработал строку: Цифровая передача
2024/11/01 09:50:29 Воркер 5: обработал строку: Данные представляются в двоичном виде (0 и 1). Этот тип передачи используется в компьютерных сетях и обеспечивает более высокую точность и надежность.
2024/11/01 09:50:29 Воркер 3: обработал строку: 
2024/11/01 09:50:29 Воркер 2: обработал строку: 3. Среды передачи данных
2024/11/01 09:50:29 Воркер 1: обработал строку: Проводные
2024/11/01 09:50:29 Воркер 4: обработал строку: Медные кабели: Включают витую пару и коаксиальные кабели. Используются в телефонных линиях и Ethernet-сетях.
2024/11/01 09:50:30 Воркер 5: обработал строку: Оптоволоконные кабели: Передача данных осуществляется с помощью световых импульсов. Обеспечивают высокую скорость и дальность передачи.
2024/11/01 09:50:30 Воркер 3: обработал строку: Беспроводные
2024/11/01 09:50:30 Воркер 2: обработал строку: Радиоволны: Используются в Wi-Fi, мобильной связи и спутниковых системах.
2024/11/01 09:50:30 Воркер 1: обработал строку: Инфракрасное излучение: Применяется в пультах дистанционного управления.
2024/11/01 09:50:30 Воркер 4: обработал строку: Микроволны: Используются для передачи данных на большие расстояния, включая спутниковую связь.
2024/11/01 09:50:31 Воркер 5: обработал строку: 4. Режимы передачи данных
2024/11/01 09:50:31 Воркер 3: обработал строку: Simplex: Односторонняя передача (например, радио).
2024/11/01 09:50:31 Воркер 2: обработал строку: Half-Duplex: Двусторонняя передача, но не одновременно (например, рации).
2024/11/01 09:50:31 Воркер 1: обработал строку: Full-Duplex: Одновременная двусторонняя передача (например, телефонные разговоры).
2024/11/01 09:50:31 Воркер 4: обработал строку: 5. Протоколы и стандарты
2024/11/01 09:50:32 Воркер 5: обработал строку: Протоколы определяют правила и форматы передачи данных, обеспечивая взаимодействие между устройствами.
2024/11/01 09:50:32 Воркер 3: обработал строку: 
2024/11/01 09:50:32 Воркер 2: обработал строку: TCP/IP: Базовый набор протоколов для Интернета.
2024/11/01 09:50:32 Воркер 1: обработал строку: HTTP/HTTPS: Протоколы для передачи веб-страниц.
2024/11/01 09:50:32 Воркер 4: обработал строку: FTP: Протокол передачи файлов.
2024/11/01 09:50:33 Воркер 5: обработал строку: SMTP/POP3/IMAP: Протоколы для отправки и получения электронной почты.
2024/11/01 09:50:33 Воркер 3: обработал строку: 6. Модели сетей
2024/11/01 09:50:33 Воркер 2: обработал строку: Модель OSI
2024/11/01 09:50:33 Воркер 1: обработал строку: Семислойная модель, описывающая функции сетевых систем на разных уровнях:
2024/11/01 09:50:33 Воркер 4: обработал строку: 
2024/11/01 09:50:34 Воркер 5: обработал строку: Физический слой
2024/11/01 09:50:34 Воркер 3: обработал строку: Канальный слой
2024/11/01 09:50:34 Воркер 2: обработал строку: Сетевой слой
2024/11/01 09:50:34 Воркер 1: обработал строку: Транспортный слой
2024/11/01 09:50:34 Воркер 4: обработал строку: Сеансовый слой
2024/11/01 09:50:35 Воркер 5: обработал строку: Представительский слой
2024/11/01 09:50:35 Воркер 3: обработал строку: Прикладной слой
2024/11/01 09:50:35 Воркер 5: обработал строку: Модель TCP/IP
2024/11/01 09:50:35 Воркер 2: обработал строку: Сокращенная версия модели OSI, используемая в реальных сетях.
2024/11/01 09:50:35 Воркер 1: обработал строку: 
2024/11/01 09:50:35 Воркер 4: обработал строку: 7. Методы кодирования и модуляции
2024/11/01 09:50:36 Воркер 5: обработал строку: Кодирование: Преобразование данных в сигналы для передачи.
2024/11/01 09:50:36 Воркер 5: обработал строку: Модуляция: Процесс изменения характеристик несущего сигнала для передачи данных (AM, FM, PSK).
2024/11/01 09:50:36 Воркер 3: обработал строку: 8. Контроль ошибок и исправление
2024/11/01 09:50:36 Воркер 5: обработал строку: CRC (Cyclic Redundancy Check): Метод обнаружения ошибок в переданных данных.
2024/11/01 09:50:36 Воркер 2: обработал строку: ARQ (Automatic Repeat reQuest): Протоколы, требующие повторной передачи ошибочных данных.
2024/11/01 09:50:36 Воркер 1: обработал строку: 9. Скорость передачи данных
2024/11/01 09:50:36 Воркер 5: обработал строку: Измеряется в битах в секунду (bps). Пропускная способность канала влияет на скорость передачи.
2024/11/01 09:50:36 Воркер 4: обработал строку: 
2024/11/01 09:50:37 Воркер 5: обработал строку: 10. Безопасность передачи данных
2024/11/01 09:50:37 Воркер 5: обработал строку: Шифрование: Использование алгоритмов для защиты данных от несанкционированного доступа.
2024/11/01 09:50:37 Воркер 3: обработал строку: SSL/TLS: Протоколы для безопасной передачи данных в Интернете.
2024/11/01 09:50:37 Воркер 5: обработал строку: VPN: Создание защищенных каналов поверх публичных сетей.
2024/11/01 09:50:37 Воркер 2: обработал строку: 11. Современные технологии
2024/11/01 09:50:37 Воркер 1: обработал строку: 5G: Новое поколение мобильной связи с высокой скоростью и низкой задержкой.
2024/11/01 09:50:37 Воркер 5: обработал строку: Интернет вещей (IoT): Сеть устройств, взаимодействующих между собой без участия человека.
2024/11/01 09:50:37 Воркер 4: обработал строку: Квантовая связь: Использование квантовых технологий для передачи данных с высокой степенью безопасности.
2024/11/01 09:50:38 Воркер 5: обработал строку: 12. Будущие тенденции
2024/11/01 09:50:38 Воркер 5: обработал строку: Edge Computing: Обработка данных на периферии сети для снижения задержек.
2024/11/01 09:50:38 Воркер 5: обработал строку: Ли-Фай (Li-Fi): Передача данных с помощью видимого света.
2024/11/01 09:50:38 Воркер 3: обработал строку: Искусственный интеллект в сетях: Оптимизация передачи данных с помощью машинного обучения.
2024/11/01 09:50:38 Воркер 5: обработал строку: Заключение
2024/11/01 09:50:38 Воркер 2: обработал строку: Технологии передачи данных постоянно эволюционируют, удовлетворяя растущие потребности в скорости, надежности и безопасности. Они играют ключевую роль в развитии глобальной коммуникации, экономики и технологий будущего.
2024/11/01 09:50:38 Воркер 1: отправлен сигнал на остановку и удаление
2024/11/01 09:50:38 Воркер 2: отправлен сигнал на остановку и удаление
2024/11/01 09:50:38 Воркер 4: отправлен сигнал на остановку и удаление
2024/11/01 09:50:38 Воркер 5: отправлен сигнал на остановку и удаление
2024/11/01 09:50:38 Воркер 1: канал закрыт, завершаю работу
2024/11/01 09:50:38 Воркер 1: канал закрыт, завершаю работу
2024/11/01 09:50:38 Воркер 5: канал закрыт, завершаю работу
2024/11/01 09:50:38 Воркер 4: канал закрыт, завершаю работу
2024/11/01 09:50:39 Воркер 5: канал закрыт, завершаю работу
2024/11/01 09:50:39 Воркер 5: канал закрыт, завершаю работу
2024/11/01 09:50:39 Воркер 5: канал закрыт, завершаю работу
2024/11/01 09:50:39 Воркер 3: отправлен сигнал на остановку и удаление
2024/11/01 09:50:39 Воркер 3: удалён
2024/11/01 09:50:39 Воркер 5: канал закрыт, завершаю работу
2024/11/01 09:50:39 Воркер 2: канал закрыт, завершаю работу
2024/11/01 10:01:29 Воркер 1: обработал строку: Технология передачи данных является фундаментальной основой современной информационной инфраструктуры. Она обеспечивает обмен информацией между устройствами и системами, позволяя осуществлять коммуникации на локальном и глобальном уровнях.
2024/11/01 10:01:29 Воркер 2: обработал строку: 
2024/11/01 10:01:30 Воркер 1: обработал строку: 1. Основные понятия
2024/11/01 10:01:30 Воркер 3: обработал строку: Данные: Информация, представленная в цифровом виде для обработки и передачи.
2024/11/01 10:01:30 Воркер 2: обработал строку: Передача данных: Процесс перемещения данных от отправителя к получателю через определенный канал связи.
2024/11/01 10:01:31 Воркер 4: обработал строку: Канал связи: Среда, по которой передаются данные (проводная или беспроводная).
2024/11/01 10:01:31 Воркер 1: обработал строку: 2. Типы передачи данных
2024/11/01 10:01:31 Воркер 3: обработал строку: Аналоговая передача
2024/11/01 10:01:31 Воркер 5: обработал строку: Использует непрерывные сигналы для передачи информации. Примеры включают традиционные радио- и телевизионные передачи.
2024/11/01 10:01:31 Воркер 2: обработал строку: 
2024/11/01 10:01:32 Воркер 4: обработал строку: Цифровая передача
2024/11/01 10:01:32 Воркер 1: обработал строку: Данные представляются в двоичном виде (0 и 1). Этот тип передачи используется в компьютерных сетях и обеспечивает более высокую точность и надежность.
2024/11/01 10:01:32 Воркер 3: обработал строку: 
2024/11/01 10:01:32 Воркер 5: обработал строку: 3. Среды передачи данных
2024/11/01 10:01:32 Воркер 2: обработал строку: Проводные
2024/11/01 10:01:33 Воркер 4: обработал строку: Медные кабели: Включают витую пару и коаксиальные кабели. Используются в телефонных линиях и Ethernet-сетях.
2024/11/01 10:01:33 Воркер 1: обработал строку: Оптоволоконные кабели: Передача данных осуществляется с помощью световых импульсов. Обеспечивают высокую скорость и дальность передачи.
2024/11/01 10:01:33 Воркер 3: обработал строку: Беспроводные
2024/11/01 10:01:33 Воркер 5: обработал строку: Радиоволны: Используются в Wi-Fi, мобильной связи и спутниковых системах.
2024/11/01 10:01:33 Воркер 2: обработал строку: Инфракрасное излучение: Применяется в пультах дистанционного управления.
2024/11/01 10:01:34 Воркер 4: обработал строку: Микроволны: Используются для передачи данных на большие расстояния, включая спутниковую связь.
2024/11/01 10:01:34 Воркер 1: обработал строку: 4. Режимы передачи данных
2024/11/01 10:01:34 Воркер 3: обработал строку: Simplex: Односторонняя передача (например, радио).
2024/11/01 10:01:34 Воркер 5: обработал строку: Half-Duplex: Двусторонняя передача, но не одновременно (например, рации).
2024/11/01 10:01:34 Воркер 2: обработал строку: Full-Duplex: Одновременная двусторонняя передача (например, телефонные разговоры).
2024/11/01 10:01:35 Воркер 4: обработал строку: 5. Протоколы и стандарты
2024/11/01 10:01:35 Воркер 1: обработал строку: Протоколы определяют правила и форматы передачи данных, обеспечивая взаимодействие между устройствами.
2024/11/01 10:01:35 Воркер 3: обработал строку: 
2024/11/01 10:01:35 Воркер 5: обработал строку: TCP/IP: Базовый набор протоколов для Интернета.
2024/11/01 10:01:35 Воркер 2: обработал строку: HTTP/HTTPS: Протоколы для передачи веб-страниц.
2024/11/01 10:01:36 Воркер 4: обработал строку: FTP: Протокол передачи файлов.
2024/11/01 10:01:36 Воркер 1: обработал строку: SMTP/POP3/IMAP: Протоколы для отправки и получения электронной почты.
2024/11/01 10:01:36 Воркер 3: обработал строку: 6. Модели сетей
2024/11/01 10:01:36 Воркер 5: обработал строку: Модель OSI
2024/11/01 10:01:36 Воркер 2: обработал строку: Семислойная модель, описывающая функции сетевых систем на разных уровнях:
2024/11/01 10:01:36 Воркер 6: обработал строку: 
2024/11/01 10:01:37 Воркер 4: обработал строку: Физический слой
2024/11/01 10:01:37 Воркер 1: обработал строку: Канальный слой
2024/11/01 10:01:37 Воркер 3: обработал строку: Сетевой слой
2024/11/01 10:01:37 Воркер 7: обработал строку: Транспортный слой
2024/11/01 10:01:37 Воркер 5: обработал строку: Сеансовый слой
2024/11/01 10:01:37 Воркер 2: обработал строку: Представительский слой
2024/11/01 10:01:37 Воркер 6: обработал строку: Прикладной слой
2024/11/01 10:01:38 Воркер 4: обработал строку: Модель TCP/IP
2024/11/01 10:01:38 Воркер 1: обработал строку: Сокращенная версия модели OSI, используемая в реальных сетях.
2024/11/01 10:01:38 Воркер 3: обработал строку: 
2024/11/01 10:01:38 Воркер 7: обработал строку: 7. Методы кодирования и модуляции
2024/11/01 10:01:38 Воркер 5: обработал строку: Кодирование: Преобразование данных в сигналы для передачи.
2024/11/01 10:01:38 Воркер 2: обработал строку: Модуляция: Процесс изменения характеристик несущего сигнала для передачи данных (AM, FM, PSK).
2024/11/01 10:01:38 Воркер 6: обработал строку: 8. Контроль ошибок и исправление
2024/11/01 10:01:39 Воркер 4: обработал строку: CRC (Cyclic Redundancy Check): Метод обнаружения ошибок в переданных данных.
2024/11/01 10:01:39 Воркер 1: обработал строку: ARQ (Automatic Repeat reQuest): Протоколы, требующие повторной передачи ошибочных данных.
2024/11/01 10:01:39 Воркер 3: обработал строку: 9. Скорость передачи данных
2024/11/01 10:01:39 Воркер 7: обработал строку: Измеряется в битах в секунду (bps). Пропускная способность канала влияет на скорость передачи.
2024/11/01 10:01:39 Воркер 5: обработал строку: 
2024/11/01 10:01:39 Воркер 8: обработал строку: 10. Безопасность передачи данных
2024/11/01 10:01:39 Воркер 2: обработал строку: Шифрование: Использование алгоритмов для защиты данных от несанкционированного доступа.
2024/11/01 10:01:39 Воркер 6: обработал строку: SSL/TLS: Протоколы для безопасной передачи данных в Интернете.
2024/11/01 10:01:40 Воркер 4: обработал строку: VPN: Создание защищенных каналов поверх публичных сетей.
2024/11/01 10:01:40 Воркер 1: обработал строку: 11. Современные технологии
2024/11/01 10:01:40 Воркер 3: обработал строку: 5G: Новое поколение мобильной связи с высокой скоростью и низкой задержкой.
2024/11/01 10:01:40 Воркер 7: обработал строку: Интернет вещей (IoT): Сеть устройств, взаимодействующих между собой без участия человека.
2024/11/01 10:01:40 Воркер 5: обработал строку: Квантовая связь: Использование квантовых технологий для передачи данных с высокой степенью безопасности.
2024/11/01 10:01:40 Воркер 8: обработал строку: 12. Будущие тенденции
2024/11/01 10:01:40 Воркер 2: обработал строку: Edge Computing: Обработка данных на периферии сети для снижения задержек.
2024/11/01 10:01:40 Воркер 6: обработал строку: Ли-Фай (Li-Fi): Передача данных с помощью видимого света.
2024/11/01 10:01:41 Воркер 4: обработал строку: Искусственный интеллект в сетях: Оптимизация передачи данных с помощью машинного обучения.
2024/11/01 10:01:41 Воркер 1: обработал строку: Заключение
2024/11/01 10:01:41 Воркер 3: обработал строку: Технологии передачи данных постоянно эволюционируют, удовлетворяя растущие потребности в скорости, надежности и безопасности. Они играют ключевую роль в развитии глобальной коммуникации, экономики и технологий будущего.
2024/11/01 10:01:41 Воркер 5: отправлен сигнал на остановку и удаление
2024/11/01 10:01:41 Воркер 6: отправлен сигнал на остановку и удаление
2024/11/01 10:01:41 Воркер 7: отправлен сигнал на остановку и удаление
2024/11/01 10:01:41 Воркер 8: отправлен сигнал на остановку и удаление
2024/11/01 10:01:41 Воркер 1: отправлен сигнал на остановку и удаление
2024/11/01 10:01:41 Воркер 2: отправлен сигнал на остановку и удаление
2024/11/01 10:01:41 Воркер 3: отправлен сигнал на остановку и удаление
2024/11/01 10:01:41 Воркер 4: отправлен сигнал на остановку и удаление
2024/11/01 10:01:41 Воркер 7: канал закрыт, завершаю работу
2024/11/01 10:01:41 Воркер 5: канал закрыт, завершаю работу
2024/11/01 10:01:41 Воркер 8: канал закрыт, завершаю работу
2024/11/01 10:01:41 Воркер 2: канал закрыт, завершаю работу
2024/11/01 10:01:41 Воркер 6: канал закрыт, завершаю работу
2024/11/01 10:01:42 Воркер 4: канал закрыт, завершаю работу
2024/11/01 10:01:42 Воркер 1: канал закрыт, завершаю работу
2024/11/01 10:01:42 Воркер 3: канал закрыт, завершаю работу
2024/11/01 10:02:56 Воркер 1: обработал строку: Технология передачи данных является фундаментальной основой современной информационной инфраструктуры. Она обеспечивает обмен информацией между устройствами и системами, позволяя осуществлять коммуникации на локальном и глобальном уровнях.
2024/11/01 10:02:57 Воркер 1: обработал строку: 
2024/11/01 10:02:57 Воркер 2: обработал строку: 1. Основные понятия
2024/11/01 10:02:58 Воркер 1: обработал строку: Данные: Информация, представленная в цифровом виде для обработки и передачи.
2024/11/01 10:02:58 Воркер 2: обработал строку: Передача данных: Процесс перемещения данных от отправителя к получателю через определенный канал связи.
2024/11/01 10:02:59 Воркер 1: обработал строку: Канал связи: Среда, по которой передаются данные (проводная или беспроводная).
2024/11/01 10:02:59 Воркер 2: обработал строку: 2. Типы передачи данных
2024/11/01 10:03:00 Воркер 1: обработал строку: Аналоговая передача
2024/11/01 10:03:00 Воркер 2: обработал строку: Использует непрерывные сигналы для передачи информации. Примеры включают традиционные радио- и телевизионные передачи.
2024/11/01 10:03:01 Воркер 1: обработал строку: 
2024/11/01 10:03:01 Воркер 2: обработал строку: Цифровая передача
2024/11/01 10:03:02 Воркер 1: обработал строку: Данные представляются в двоичном виде (0 и 1). Этот тип передачи используется в компьютерных сетях и обеспечивает более высокую точность и надежность.
2024/11/01 10:03:02 Воркер 2: обработал строку: 
2024/11/01 10:08:39 Воркер 1: обработал строку: Технология передачи данных является фундаментальной основой современной информационной инфраструктуры. Она обеспечивает обмен информацией между устройствами и системами, позволяя осуществлять коммуникации на локальном и глобальном уровнях.
2024/11/01 10:08:40 Воркер 2: обработал строку: 
2024/11/01 10:08:40 Воркер 1: обработал строку: 1. Основные понятия
2024/11/01 10:08:40 Воркер 3: обработал строку: Данные: Информация, представленная в цифровом виде для обработки и передачи.
2024/11/01 10:08:41 Воркер 2: обработал строку: Передача данных: Процесс перемещения данных от отправителя к получателю через определенный канал связи.
2024/11/01 10:08:41 Воркер 4: обработал строку: Канал связи: Среда, по которой передаются данные (проводная или беспроводная).
2024/11/01 10:08:41 Воркер 1: обработал строку: 2. Типы передачи данных
2024/11/01 10:08:41 Воркер 3: обработал строку: Аналоговая передача
2024/11/01 10:08:42 Воркер 5: обработал строку: Использует непрерывные сигналы для передачи информации. Примеры включают традиционные радио- и телевизионные передачи.
2024/11/01 10:08:42 Воркер 2: обработал строку: 
2024/11/01 10:08:42 Воркер 4: обработал строку: Цифровая передача
2024/11/01 10:08:42 Воркер 1: обработал строку: Данные представляются в двоичном виде (0 и 1). Этот тип передачи используется в компьютерных сетях и обеспечивает более высокую точность и надежность.
2024/11/01 10:08:42 Воркер 3: обработал строку: 
2024/11/01 10:08:42 Воркер 6: обработал строку: 3. Среды передачи данных
2024/11/01 10:08:43 Воркер 5: обработал строку: Проводные
2024/11/01 10:08:43 Воркер 2: обработал строку: Медные кабели: Включают витую пару и коаксиальные кабели. Используются в телефонных линиях и Ethernet-сетях.
2024/11/01 10:08:43 Воркер 7: обработал строку: Оптоволоконные кабели: Передача данных осуществляется с помощью световых импульсов. Обеспечивают высокую скорость и дальность передачи.
2024/11/01 10:08:43 Воркер 4: обработал строку: Беспроводные
2024/11/01 10:08:43 Воркер 1: обработал строку: Радиоволны: Используются в Wi-Fi, мобильной связи и спутниковых системах.
2024/11/01 10:08:43 Воркер 3: обработал строку: Инфракрасное излучение: Применяется в пультах дистанционного управления.
2024/11/01 10:08:43 Воркер 6: обработал строку: Микроволны: Используются для передачи данных на большие расстояния, включая спутниковую связь.
2024/11/01 10:08:44 Воркер 5: обработал строку: 4. Режимы передачи данных
2024/11/01 10:08:44 Воркер 8: обработал строку: Simplex: Односторонняя передача (например, радио).
2024/11/01 10:08:44 Воркер 2: обработал строку: Half-Duplex: Двусторонняя передача, но не одновременно (например, рации).
2024/11/01 10:08:44 Воркер 7: обработал строку: Full-Duplex: Одновременная двусторонняя передача (например, телефонные разговоры).
2024/11/01 10:08:44 Воркер 4: обработал строку: 5. Протоколы и стандарты
2024/11/01 10:08:44 Воркер 1: обработал строку: Протоколы определяют правила и форматы передачи данных, обеспечивая взаимодействие между устройствами.
2024/11/01 10:08:44 Воркер 3: обработал строку: 
2024/11/01 10:08:44 Воркер 6: обработал строку: TCP/IP: Базовый набор протоколов для Интернета.
2024/11/01 10:08:45 Воркер 5: обработал строку: HTTP/HTTPS: Протоколы для передачи веб-страниц.
2024/11/01 10:08:45 Воркер 8: обработал строку: FTP: Протокол передачи файлов.
2024/11/01 10:08:45 Воркер 2: обработал строку: SMTP/POP3/IMAP: Протоколы для отправки и получения электронной почты.
2024/11/01 10:08:45 Воркер 7: обработал строку: 6. Модели сетей
2024/11/01 10:08:45 Воркер 4: обработал строку: Модель OSI
2024/11/01 10:08:45 Воркер 1: обработал строку: Семислойная модель, описывающая функции сетевых систем на разных уровнях:
2024/11/01 10:08:45 Воркер 3: обработал строку: 
2024/11/01 10:08:45 Воркер 6: обработал строку: Физический слой
2024/11/01 10:08:45 Воркер 9: обработал строку: Канальный слой
2024/11/01 10:08:46 Воркер 5: обработал строку: Сетевой слой
2024/11/01 10:08:46 Воркер 8: обработал строку: Транспортный слой
2024/11/01 10:08:46 Воркер 2: обработал строку: Сеансовый слой
2024/11/01 10:08:46 Воркер 7: обработал строку: Представительский слой
2024/11/01 10:08:46 Воркер 4: обработал строку: Прикладной слой
2024/11/01 10:08:46 Воркер 1: обработал строку: Модель TCP/IP
2024/11/01 10:08:46 Воркер 3: обработал строку: Сокращенная версия модели OSI, используемая в реальных сетях.
2024/11/01 10:08:46 Воркер 6: обработал строку: 
2024/11/01 10:08:46 Воркер 9: обработал строку: 7. Методы кодирования и модуляции
2024/11/01 10:08:47 Воркер 5: обработал строку: Кодирование: Преобразование данных в сигналы для передачи.
2024/11/01 10:08:47 Воркер 8: обработал строку: Модуляция: Процесс изменения характеристик несущего сигнала для передачи данных (AM, FM, PSK).
2024/11/01 10:08:47 Воркер 2: обработал строку: 8. Контроль ошибок и исправление
2024/11/01 10:08:47 Воркер 7: обработал строку: CRC (Cyclic Redundancy Check): Метод обнаружения ошибок в переданных данных.
2024/11/01 10:08:47 Воркер 4: обработал строку: ARQ (Automatic Repeat reQuest): Протоколы, требующие повторной передачи ошибочных данных.
2024/11/01 10:08:47 Воркер 1: обработал строку: 9. Скорость передачи данных
2024/11/01 10:08:47 Воркер 3: обработал строку: Измеряется в битах в секунду (bps). Пропускная способность канала влияет на скорость передачи.
2024/11/01 10:08:47 Воркер 6: обработал строку: 
2024/11/01 10:08:47 Воркер 9: обработал строку: 10. Безопасность передачи данных
2024/11/01 10:08:48 Воркер 5: обработал строку: Шифрование: Использование алгоритмов для защиты данных от несанкционированного доступа.
2024/11/01 10:08:48 Воркер 8: обработал строку: SSL/TLS: Протоколы для безопасной передачи данных в Интернете.
2024/11/01 10:08:48 Воркер 2: обработал строку: VPN: Создание защищенных каналов поверх публичных сетей.
2024/11/01 10:08:48 Воркер 7: обработал строку: 11. Современные технологии
2024/11/01 10:08:48 Воркер 4: обработал строку: 5G: Новое поколение мобильной связи с высокой скоростью и низкой задержкой.
2024/11/01 10:08:48 Воркер 1: обработал строку: Интернет вещей (IoT): Сеть устройств, взаимодействующих между собой без участия человека.
2024/11/01 10:08:48 Воркер 3: обработал строку: Квантовая связь: Использование квантовых технологий для передачи данных с высокой степенью безопасности.
2024/11/01 10:08:48 Воркер 6: обработал строку: 12. Будущие тенденции
2024/11/01 10:08:48 Воркер 9: обработал строку: Edge Computing: Обработка данных на периферии сети для снижения задержек.
2024/11/01 10:08:49 Воркер 5: обработал строку: Ли-Фай (Li-Fi): Передача данных с помощью видимого света.
2024/11/01 10:08:49 Воркер 8: обработал строку: Искусственный интеллект в сетях: Оптимизация передачи данных с помощью машинного обучения.
2024/11/01 10:08:49 Воркер 2: обработал строку: Заключение
2024/11/01 10:08:49 Воркер 7: обработал строку: Технологии передачи данных постоянно эволюционируют, удовлетворяя растущие потребности в скорости, надежности и безопасности. Они играют ключевую роль в развитии глобальной коммуникации, экономики и технологий будущего.
2024/11/01 10:08:49 Воркер 4: канал закрыт, завершаю работу
2024/11/01 10:08:49 Воркер 1: канал закрыт, завершаю работу
2024/11/01 10:08:49 Воркер 3: канал закрыт, завершаю работу
2024/11/01 10:08:49 Воркер 6: канал закрыт, завершаю работу
2024/11/01 10:08:49 Воркер 9: канал закрыт, завершаю работу
2024/11/01 10:08:50 Воркер 5: канал закрыт, завершаю работу
2024/11/01 10:08:50 Воркер 8: канал закрыт, завершаю работу
2024/11/01 10:08:50 Воркер 2: канал закрыт, завершаю работу
2024/11/01 10:08:50 Воркер 7: канал закрыт, завершаю работу
2024/11/01 10:12:35 Воркер 1: обработал строку: Технология передачи данных является фундаментальной основой современной информационной инфраструктуры. Она обеспечивает обмен информацией между устройствами и системами, позволяя осуществлять коммуникации на локальном и глобальном уровнях.
2024/11/01 10:12:37 Воркер 1: обработал строку: 
2024/11/01 10:12:37 Воркер 2: обработал строку: 1. Основные понятия
2024/11/01 10:12:38 Воркер 1: обработал строку: Данные: Информация, представленная в цифровом виде для обработки и передачи.
2024/11/01 10:12:38 Воркер 2: обработал строку: Передача данных: Процесс перемещения данных от отправителя к получателю через определенный канал связи.
2024/11/01 10:12:38 Воркер 3: обработал строку: Канал связи: Среда, по которой передаются данные (проводная или беспроводная).
2024/11/01 10:12:39 Воркер 1: обработал строку: 2. Типы передачи данных
2024/11/01 10:12:39 Воркер 2: обработал строку: Аналоговая передача
2024/11/01 10:12:39 Воркер 3: обработал строку: Использует непрерывные сигналы для передачи информации. Примеры включают традиционные радио- и телевизионные передачи.
2024/11/01 10:12:40 Воркер 1: обработал строку: 
2024/11/01 10:12:40 Воркер 2: обработал строку: Цифровая передача
2024/11/01 10:12:40 Воркер 3: обработал строку: Данные представляются в двоичном виде (0 и 1). Этот тип передачи используется в компьютерных сетях и обеспечивает более высокую точность и надежность.
2024/11/01 10:12:41 Воркер 1: обработал строку: 
2024/11/01 10:12:41 Воркер 2: обработал строку: 3. Среды передачи данных
2024/11/01 10:12:41 Воркер 3: обработал строку: Проводные
2024/11/01 10:12:42 Воркер 1: обработал строку: Медные кабели: Включают витую пару и коаксиальные кабели. Используются в телефонных линиях и Ethernet-сетях.
2024/11/01 10:12:42 Воркер 2: обработал строку: Оптоволоконные кабели: Передача данных осуществляется с помощью световых импульсов. Обеспечивают высокую скорость и дальность передачи.
2024/11/01 10:12:42 Воркер 3: обработал строку: Беспроводные
2024/11/01 10:12:43 Воркер 1: обработал строку: Радиоволны: Используются в Wi-Fi, мобильной связи и спутниковых системах.
2024/11/01 10:12:43 Воркер 2: обработал строку: Инфракрасное излучение: Применяется в пультах дистанционного управления.
2024/11/01 10:12:43 Воркер 3: обработал строку: Микроволны: Используются для передачи данных на большие расстояния, включая спутниковую связь.
2024/11/01 10:12:44 Воркер 1: обработал строку: 4. Режимы передачи данных
2024/11/01 10:12:44 Воркер 2: обработал строку: Simplex: Односторонняя передача (например, радио).
2024/11/01 10:12:44 Воркер 3: обработал строку: Half-Duplex: Двусторонняя передача, но не одновременно (например, рации).
2024/11/01 10:12:45 Воркер 1: обработал строку: Full-Duplex: Одновременная двусторонняя передача (например, телефонные разговоры).
2024/11/01 10:12:45 Воркер 2: обработал строку: 5. Протоколы и стандарты
2024/11/01 10:12:45 Воркер 3: обработал строку: Протоколы определяют правила и форматы передачи данных, обеспечивая взаимодействие между устройствами.
2024/11/01 10:12:46 Воркер 1: обработал строку: 
2024/11/01 10:12:46 Воркер 2: обработал строку: TCP/IP: Базовый набор протоколов для Интернета.
2024/11/01 10:12:46 Воркер 3: обработал строку: HTTP/HTTPS: Протоколы для передачи веб-страниц.
2024/11/01 10:12:47 Воркер 1: обработал строку: FTP: Протокол передачи файлов.
2024/11/01 10:12:47 Воркер 4: обработал строку: SMTP/POP3/IMAP: Протоколы для отправки и получения электронной почты.
2024/11/01 10:12:47 Воркер 2: обработал строку: 6. Модели сетей
2024/11/01 10:12:47 Воркер 3: обработал строку: Модель OSI
2024/11/01 10:12:48 Воркер 1: обработал строку: Семислойная модель, описывающая функции сетевых систем на разных уровнях:
2024/11/01 10:12:48 Воркер 4: обработал строку: 
2024/11/01 10:12:48 Воркер 5: обработал строку: Физический слой
2024/11/01 10:12:48 Воркер 2: обработал строку: Канальный слой
2024/11/01 10:12:48 Воркер 3: обработал строку: Сетевой слой
2024/11/01 10:12:49 Воркер 1: обработал строку: Транспортный слой
2024/11/01 10:12:49 Воркер 4: обработал строку: Сеансовый слой
2024/11/01 10:12:49 Воркер 5: обработал строку: Представительский слой
2024/11/01 10:12:49 Воркер 2: обработал строку: Прикладной слой
2024/11/01 10:12:49 Воркер 6: обработал строку: Модель TCP/IP
2024/11/01 10:12:49 Воркер 3: обработал строку: Сокращенная версия модели OSI, используемая в реальных сетях.
2024/11/01 10:12:50 Воркер 1: обработал строку: 
2024/11/01 10:12:50 Воркер 4: обработал строку: 7. Методы кодирования и модуляции
2024/11/01 10:12:50 Воркер 5: обработал строку: Кодирование: Преобразование данных в сигналы для передачи.
2024/11/01 10:12:50 Воркер 2: обработал строку: Модуляция: Процесс изменения характеристик несущего сигнала для передачи данных (AM, FM, PSK).
2024/11/01 10:12:50 Воркер 6: обработал строку: 8. Контроль ошибок и исправление
2024/11/01 10:12:50 Воркер 7: обработал строку: CRC (Cyclic Redundancy Check): Метод обнаружения ошибок в переданных данных.
2024/11/01 10:12:50 Воркер 3: обработал строку: ARQ (Automatic Repeat reQuest): Протоколы, требующие повторной передачи ошибочных данных.
2024/11/01 10:12:51 Воркер 1: обработал строку: 9. Скорость передачи данных
2024/11/01 10:12:51 Воркер 4: обработал строку: Измеряется в битах в секунду (bps). Пропускная способность канала влияет на скорость передачи.
2024/11/01 10:12:51 Воркер 5: обработал строку: 
2024/11/01 10:12:51 Воркер 2: обработал строку: 10. Безопасность передачи данных
2024/11/01 10:12:51 Воркер 6: обработал строку: Шифрование: Использование алгоритмов для защиты данных от несанкционированного доступа.
2024/11/01 10:12:51 Воркер 7: обработал строку: SSL/TLS: Протоколы для безопасной передачи данных в Интернете.
2024/11/01 10:12:51 Воркер 3: обработал строку: VPN: Создание защищенных каналов поверх публичных сетей.
2024/11/01 10:12:52 Воркер 1: обработал строку: 11. Современные технологии
2024/11/01 10:12:52 Воркер 4: обработал строку: 5G: Новое поколение мобильной связи с высокой скоростью и низкой задержкой.
2024/11/01 10:12:52 Воркер 5: обработал строку: Интернет вещей (IoT): Сеть устройств, взаимодействующих между собой без участия человека.
2024/11/01 10:12:52 Воркер 2: обработал строку: Квантовая связь: Использование квантовых технологий для передачи данных с высокой степенью безопасности.
2024/11/01 10:12:52 Воркер 6: обработал строку: 12. Будущие тенденции
2024/11/01 10:12:52 Воркер 7: обработал строку: Edge Computing: Обработка данных на периферии сети для снижения задержек.
2024/11/01 10:12:52 Воркер 3: обработал строку: Ли-Фай (Li-Fi): Передача данных с помощью видимого света.
2024/11/01 10:12:53 Воркер 1: обработал строку: Искусственный интеллект в сетях: Оптимизация передачи данных с помощью машинного обучения.
2024/11/01 10:12:53 Воркер 4: обработал строку: Заключение
2024/11/01 10:12:53 Воркер 5: обработал строку: Технологии передачи данных постоянно эволюционируют, удовлетворяя растущие потребности в скорости, надежности и безопасности. Они играют ключевую роль в развитии глобальной коммуникации, экономики и технологий будущего.
2024/11/01 10:12:53 Воркер 2: канал закрыт, завершаю работу
2024/11/01 10:12:53 Воркер 6: канал закрыт, завершаю работу
2024/11/01 10:12:53 Воркер 7: канал закрыт, завершаю работу
2024/11/01 10:12:53 Воркер 3: канал закрыт, завершаю работу
2024/11/01 10:12:54 Воркер 1: канал закрыт, завершаю работу
2024/11/01 10:12:54 Воркер 4: канал закрыт, завершаю работу
2024/11/01 10:12:54 Воркер 5: канал закрыт, завершаю работу
2024/11/01 10:12:58 Воркер 3: отправлен сигнал на остановку и удаление
2024/11/01 10:12:58 Воркер 4: отправлен сигнал на остановку и удаление
2024/11/01 10:12:58 Воркер 5: отправлен сигнал на остановку и удаление
2024/11/01 10:12:58 Воркер 6: отправлен сигнал на остановку и удаление
2024/11/01 10:12:58 Воркер 7: отправлен сигнал на остановку и удаление
2024/11/01 10:12:58 Воркер 1: отправлен сигнал на остановку и удаление
2024/11/01 10:12:58 Воркер 2: отправлен сигнал на остановку и удаление
2024/11/01 10:33:40 Воркер 1: обработал строку: Технология передачи данных является фундаментальной основой современной информационной инфраструктуры. Она обеспечивает обмен информацией между устройствами и системами, позволяя осуществлять коммуникации на локальном и глобальном уровнях.
2024/11/01 10:33:41 Воркер 2: обработал строку: 
2024/11/01 10:33:41 Воркер 1: обработал строку: 1. Основные понятия
2024/11/01 10:33:42 Воркер 3: обработал строку: Данные: Информация, представленная в цифровом виде для обработки и передачи.
2024/11/01 10:33:42 Воркер 2: обработал строку: Передача данных: Процесс перемещения данных от отправителя к получателю через определенный канал связи.
2024/11/01 10:33:42 Воркер 4: обработал строку: Канал связи: Среда, по которой передаются данные (проводная или беспроводная).
2024/11/01 10:33:42 Воркер 1: обработал строку: 2. Типы передачи данных
2024/11/01 10:33:43 Воркер 3: обработал строку: Аналоговая передача
2024/11/01 10:33:43 Воркер 2: обработал строку: Использует непрерывные сигналы для передачи информации. Примеры включают традиционные радио- и телевизионные передачи.
2024/11/01 10:33:43 Воркер 4: обработал строку: 
2024/11/01 10:33:43 Воркер 1: обработал строку: Цифровая передача
2024/11/01 10:33:44 Воркер 3: обработал строку: Данные представляются в двоичном виде (0 и 1). Этот тип передачи используется в компьютерных сетях и обеспечивает более высокую точность и надежность.
2024/11/01 10:33:44 Воркер 2: обработал строку: 
2024/11/01 10:33:44 Воркер 4: обработал строку: 3. Среды передачи данных
2024/11/01 10:33:44 Воркер 1: обработал строку: Проводные
2024/11/01 10:33:45 Воркер 3: обработал строку: Медные кабели: Включают витую пару и коаксиальные кабели. Используются в телефонных линиях и Ethernet-сетях.
2024/11/01 10:33:45 Воркер 5: обработал строку: Оптоволоконные кабели: Передача данных осуществляется с помощью световых импульсов. Обеспечивают высокую скорость и дальность передачи.
2024/11/01 10:33:45 Воркер 2: обработал строку: Беспроводные
2024/11/01 10:33:45 Воркер 4: обработал строку: Радиоволны: Используются в Wi-Fi, мобильной связи и спутниковых системах.
2024/11/01 10:33:45 Воркер 1: обработал строку: Инфракрасное излучение: Применяется в пультах дистанционного управления.
2024/11/01 10:33:46 Воркер 3: обработал строку: Микроволны: Используются для передачи данных на большие расстояния, включая спутниковую связь.
2024/11/01 10:33:46 Воркер 5: обработал строку: 4. Режимы передачи данных
2024/11/01 10:33:46 Воркер 6: обработал строку: Simplex: Односторонняя передача (например, радио).
2024/11/01 10:33:46 Воркер 2: обработал строку: Half-Duplex: Двусторонняя передача, но не одновременно (например, рации).
2024/11/01 10:33:46 Воркер 4: обработал строку: Full-Duplex: Одновременная двусторонняя передача (например, телефонные разговоры).
2024/11/01 10:33:46 Воркер 1: обработал строку: 5. Протоколы и стандарты
2024/11/01 10:33:46 Воркер 7: обработал строку: Протоколы определяют правила и форматы передачи данных, обеспечивая взаимодействие между устройствами.
2024/11/01 10:33:47 Воркер 3: обработал строку: 
2024/11/01 10:33:47 Воркер 5: обработал строку: TCP/IP: Базовый набор протоколов для Интернета.
2024/11/01 10:33:47 Воркер 6: обработал строку: HTTP/HTTPS: Протоколы для передачи веб-страниц.
2024/11/01 10:33:47 Воркер 2: обработал строку: FTP: Протокол передачи файлов.
2024/11/01 10:33:47 Воркер 4: обработал строку: SMTP/POP3/IMAP: Протоколы для отправки и получения электронной почты.
2024/11/01 10:33:47 Воркер 8: обработал строку: 6. Модели сетей
2024/11/01 10:33:47 Воркер 1: обработал строку: Модель OSI
2024/11/01 10:33:47 Воркер 7: обработал строку: Семислойная модель, описывающая функции сетевых систем на разных уровнях:
2024/11/01 10:33:48 Воркер 3: обработал строку: 
2024/11/01 10:33:48 Воркер 5: обработал строку: Физический слой
2024/11/01 10:33:48 Воркер 9: обработал строку: Канальный слой
2024/11/01 10:33:48 Воркер 6: обработал строку: Сетевой слой
2024/11/01 10:33:48 Воркер 2: обработал строку: Транспортный слой
2024/11/01 10:33:48 Воркер 4: обработал строку: Сеансовый слой
2024/11/01 10:33:48 Воркер 8: обработал строку: Представительский слой
2024/11/01 10:33:48 Воркер 10: обработал строку: Прикладной слой
2024/11/01 10:33:48 Воркер 1: обработал строку: Модель TCP/IP
2024/11/01 10:33:48 Воркер 7: обработал строку: Сокращенная версия модели OSI, используемая в реальных сетях.
2024/11/01 10:33:49 Воркер 3: обработал строку: 
2024/11/01 10:33:49 Воркер 5: обработал строку: 7. Методы кодирования и модуляции
2024/11/01 10:33:49 Воркер 9: обработал строку: Кодирование: Преобразование данных в сигналы для передачи.
2024/11/01 10:33:49 Воркер 6: обработал строку: Модуляция: Процесс изменения характеристик несущего сигнала для передачи данных (AM, FM, PSK).
2024/11/01 10:33:49 Воркер 11: обработал строку: 8. Контроль ошибок и исправление
2024/11/01 10:33:49 Воркер 2: обработал строку: CRC (Cyclic Redundancy Check): Метод обнаружения ошибок в переданных данных.
2024/11/01 10:33:49 Воркер 4: обработал строку: ARQ (Automatic Repeat reQuest): Протоколы, требующие повторной передачи ошибочных данных.
2024/11/01 10:33:49 Воркер 8: обработал строку: 9. Скорость передачи данных
2024/11/01 10:33:49 Воркер 10: обработал строку: Измеряется в битах в секунду (bps). Пропускная способность канала влияет на скорость передачи.
2024/11/01 10:33:49 Воркер 1: обработал строку: 
2024/11/01 10:33:49 Воркер 7: обработал строку: 10. Безопасность передачи данных
2024/11/01 10:33:50 Воркер 3: обработал строку: Шифрование: Использование алгоритмов для защиты данных от несанкционированного доступа.
2024/11/01 10:33:50 Воркер 5: обработал строку: SSL/TLS: Протоколы для безопасной передачи данных в Интернете.
2024/11/01 10:33:50 Воркер 9: обработал строку: VPN: Создание защищенных каналов поверх публичных сетей.
2024/11/01 10:33:50 Воркер 6: обработал строку: 11. Современные технологии
2024/11/01 10:33:50 Воркер 11: обработал строку: 5G: Новое поколение мобильной связи с высокой скоростью и низкой задержкой.
2024/11/01 10:33:50 Воркер 2: обработал строку: Интернет вещей (IoT): Сеть устройств, взаимодействующих между собой без участия человека.
2024/11/01 10:33:50 Воркер 4: обработал строку: Квантовая связь: Использование квантовых технологий для передачи данных с высокой степенью безопасности.
2024/11/01 10:33:50 Воркер 8: обработал строку: 12. Будущие тенденции
2024/11/01 10:33:50 Воркер 10: обработал строку: Edge Computing: Обработка данных на периферии сети для снижения задержек.
2024/11/01 10:33:50 Воркер 1: обработал строку: Ли-Фай (Li-Fi): Передача данных с помощью видимого света.
2024/11/01 10:33:50 Воркер 7: обработал строку: Искусственный интеллект в сетях: Оптимизация передачи данных с помощью машинного обучения.
2024/11/01 10:33:51 Воркер 3: обработал строку: Заключение
2024/11/01 10:33:51 Воркер 5: обработал строку: Технологии передачи данных постоянно эволюционируют, удовлетворяя растущие потребности в скорости, надежности и безопасности. Они играют ключевую роль в развитии глобальной коммуникации, экономики и технологий будущего.
2024/11/01 10:33:51 Воркер 9: канал закрыт, завершаю работу
2024/11/01 10:33:51 Воркер 6: канал закрыт, завершаю работу
2024/11/01 10:33:51 Воркер 11: канал закрыт, завершаю работу
2024/11/01 10:33:51 Воркер 2: канал закрыт, завершаю работу
2024/11/01 10:33:51 Воркер 4: канал закрыт, завершаю работу
2024/11/01 10:33:51 Воркер 8: канал закрыт, завершаю работу
2024/11/01 10:33:51 Воркер 10: канал закрыт, завершаю работу
2024/11/01 10:33:51 Воркер 1: канал закрыт, завершаю работу
2024/11/01 10:33:51 Воркер 7: канал закрыт, завершаю работу
2024/11/01 10:33:52 Воркер 3: канал закрыт, завершаю работу
2024/11/01 10:33:52 Воркер 5: канал закрыт, завершаю работу
2024/11/01 10:33:56 Воркер 6: отправлен сигнал на остановку и удаление
2024/11/01 10:33:56 Воркер 8: отправлен сигнал на остановку и удаление
2024/11/01 10:33:56 Воркер 9: отправлен сигнал на остановку и удаление
2024/11/01 10:33:56 Воркер 10: отправлен сигнал на остановку и удаление
2024/11/01 10:33:56 Воркер 0: отправлен сигнал на остановку и удаление
2024/11/01 10:33:56 Воркер 1: отправлен сигнал на остановку и удаление
2024/11/01 10:33:56 Воркер 5: отправлен сигнал на остановку и удаление
2024/11/01 10:33:56 Воркер 7: отправлен сигнал на остановку и удаление
2024/11/01 10:33:56 Воркер 2: отправлен сигнал на остановку и удаление
2024/11/01 10:33:56 Воркер 3: отправлен сигнал на остановку и удаление
2024/11/01 10:33:56 Воркер 4: отправлен сигнал на остановку и удаление
2024/11/01 10:34:19 Воркер 1: обработал строку: Технология передачи данных является фундаментальной основой современной информационной инфраструктуры. Она обеспечивает обмен информацией между устройствами и системами, позволяя осуществлять коммуникации на локальном и глобальном уровнях.
2024/11/01 10:34:20 Воркер 2: обработал строку: 
2024/11/01 10:34:20 Воркер 1: обработал строку: 1. Основные понятия
2024/11/01 10:34:20 Воркер 3: обработал строку: Данные: Информация, представленная в цифровом виде для обработки и передачи.
2024/11/01 10:34:21 Воркер 2: обработал строку: Передача данных: Процесс перемещения данных от отправителя к получателю через определенный канал связи.
2024/11/01 10:34:21 Воркер 1: обработал строку: Канал связи: Среда, по которой передаются данные (проводная или беспроводная).
2024/11/01 10:34:21 Воркер 3: обработал строку: 2. Типы передачи данных
2024/11/01 10:34:22 Воркер 2: обработал строку: Аналоговая передача
2024/11/01 10:34:22 Воркер 1: обработал строку: Использует непрерывные сигналы для передачи информации. Примеры включают традиционные радио- и телевизионные передачи.
2024/11/01 10:34:22 Воркер 3: обработал строку: 
2024/11/01 10:34:23 Воркер 2: обработал строку: Цифровая передача
2024/11/01 10:34:23 Воркер 1: обработал строку: Данные представляются в двоичном виде (0 и 1). Этот тип передачи используется в компьютерных сетях и обеспечивает более высокую точность и надежность.
2024/11/01 10:34:23 Воркер 3: обработал строку: 
2024/11/01 10:34:24 Воркер 2: обработал строку: 3. Среды передачи данных
2024/11/01 10:34:24 Воркер 1: обработал строку: Проводные
2024/11/01 10:34:24 Воркер 3: обработал строку: Медные кабели: Включают витую пару и коаксиальные кабели. Используются в телефонных линиях и Ethernet-сетях.
2024/11/01 10:34:25 Воркер 2: обработал строку: Оптоволоконные кабели: Передача данных осуществляется с помощью световых импульсов. Обеспечивают высокую скорость и дальность передачи.
2024/11/01 10:34:25 Воркер 1: обработал строку: Беспроводные
2024/11/01 10:34:25 Воркер 3: отправлен сигнал на остановку и удаление
2024/11/01 10:34:25 Воркер 3: удалён
2024/11/01 10:34:26 Воркер 2: обработал строку: Радиоволны: Используются в Wi-Fi, мобильной связи и спутниковых системах.
2024/11/01 10:34:26 Воркер 1: обработал строку: Инфракрасное излучение: Применяется в пультах дистанционного управления.
2024/11/01 10:34:27 Воркер 2: обработал строку: Микроволны: Используются для передачи данных на большие расстояния, включая спутниковую связь.
2024/11/01 10:34:27 Воркер 1: обработал строку: 4. Режимы передачи данных
2024/11/01 10:34:28 Воркер 2: обработал строку: Simplex: Односторонняя передача (например, радио).
2024/11/01 10:34:28 Воркер 1: обработал строку: Half-Duplex: Двусторонняя передача, но не одновременно (например, рации).
2024/11/01 10:34:29 Воркер 2: обработал строку: Full-Duplex: Одновременная двусторонняя передача (например, телефонные разговоры).
2024/11/01 10:34:29 Воркер 1: обработал строку: 5. Протоколы и стандарты
2024/11/01 10:34:30 Воркер 2: обработал строку: Протоколы определяют правила и форматы передачи данных, обеспечивая взаимодействие между устройствами.
2024/11/01 10:34:30 Воркер 1: обработал строку: 
2024/11/01 10:34:30 Воркер 3: обработал строку: TCP/IP: Базовый набор протоколов для Интернета.
2024/11/01 10:34:31 Воркер 2: обработал строку: HTTP/HTTPS: Протоколы для передачи веб-страниц.
2024/11/01 10:34:31 Воркер 1: обработал строку: FTP: Протокол передачи файлов.
2024/11/01 10:34:31 Воркер 3: обработал строку: SMTP/POP3/IMAP: Протоколы для отправки и получения электронной почты.
2024/11/01 10:34:32 Воркер 2: обработал строку: 6. Модели сетей
2024/11/01 10:34:32 Воркер 1: обработал строку: Модель OSI
2024/11/01 10:34:32 Воркер 3: обработал строку: Семислойная модель, описывающая функции сетевых систем на разных уровнях:
2024/11/01 10:34:33 Воркер 2: обработал строку: 
2024/11/01 10:34:33 Воркер 4: обработал строку: Физический слой
2024/11/01 10:34:33 Воркер 1: обработал строку: Канальный слой
2024/11/01 10:34:33 Воркер 3: обработал строку: Сетевой слой
2024/11/01 10:34:34 Воркер 2: обработал строку: Транспортный слой
2024/11/01 10:34:34 Воркер 4: обработал строку: Сеансовый слой
2024/11/01 10:34:34 Воркер 1: обработал строку: Представительский слой
2024/11/01 10:34:34 Воркер 5: обработал строку: Прикладной слой
2024/11/01 10:34:34 Воркер 3: обработал строку: Модель TCP/IP
2024/11/01 10:34:35 Воркер 2: обработал строку: Сокращенная версия модели OSI, используемая в реальных сетях.
2024/11/01 10:34:35 Воркер 4: обработал строку: 
2024/11/01 10:34:35 Воркер 1: обработал строку: 7. Методы кодирования и модуляции
2024/11/01 10:34:35 Воркер 5: обработал строку: Кодирование: Преобразование данных в сигналы для передачи.
2024/11/01 10:34:35 Воркер 6: обработал строку: Модуляция: Процесс изменения характеристик несущего сигнала для передачи данных (AM, FM, PSK).
2024/11/01 10:34:35 Воркер 3: обработал строку: 8. Контроль ошибок и исправление
2024/11/01 10:34:36 Воркер 2: обработал строку: CRC (Cyclic Redundancy Check): Метод обнаружения ошибок в переданных данных.
2024/11/01 10:34:36 Воркер 4: обработал строку: ARQ (Automatic Repeat reQuest): Протоколы, требующие повторной передачи ошибочных данных.
2024/11/01 10:34:36 Воркер 1: обработал строку: 9. Скорость передачи данных
2024/11/01 10:34:36 Воркер 5: обработал строку: Измеряется в битах в секунду (bps). Пропускная способность канала влияет на скорость передачи.
2024/11/01 10:34:36 Воркер 6: обработал строку: 
2024/11/01 10:34:36 Воркер 3: обработал строку: 10. Безопасность передачи данных
2024/11/01 10:34:37 Воркер 2: обработал строку: Шифрование: Использование алгоритмов для защиты данных от несанкционированного доступа.
2024/11/01 10:34:37 Воркер 4: обработал строку: SSL/TLS: Протоколы для безопасной передачи данных в Интернете.
2024/11/01 10:34:37 Воркер 1: обработал строку: VPN: Создание защищенных каналов поверх публичных сетей.
2024/11/01 10:34:37 Воркер 5: обработал строку: 11. Современные технологии
2024/11/01 10:34:37 Воркер 6: обработал строку: 5G: Новое поколение мобильной связи с высокой скоростью и низкой задержкой.
2024/11/01 10:34:37 Воркер 3: обработал строку: Интернет вещей (IoT): Сеть устройств, взаимодействующих между собой без участия человека.
2024/11/01 10:34:38 Воркер 2: обработал строку: Квантовая связь: Использование квантовых технологий для передачи данных с высокой степенью безопасности.
2024/11/01 10:34:38 Воркер 4: обработал строку: 12. Будущие тенденции
2024/11/01 10:34:38 Воркер 1: обработал строку: Edge Computing: Обработка данных на периферии сети для снижения задержек.
2024/11/01 10:34:38 Воркер 5: обработал строку: Ли-Фай (Li-Fi): Передача данных с помощью видимого света.
2024/11/01 10:34:38 Воркер 6: обработал строку: Искусственный интеллект в сетях: Оптимизация передачи данных с помощью машинного обучения.
2024/11/01 10:34:38 Воркер 3: обработал строку: Заключение
2024/11/01 10:34:39 Воркер 2: обработал строку: Технологии передачи данных постоянно эволюционируют, удовлетворяя растущие потребности в скорости, надежности и безопасности. Они играют ключевую роль в развитии глобальной коммуникации, экономики и технологий будущего.
2024/11/01 10:34:39 Воркер 4: канал закрыт, завершаю работу
2024/11/01 10:34:39 Воркер 1: канал закрыт, завершаю работу
2024/11/01 10:34:39 Воркер 5: канал закрыт, завершаю работу
2024/11/01 10:34:39 Воркер 6: канал закрыт, завершаю работу
2024/11/01 10:34:39 Воркер 3: канал закрыт, завершаю работу
2024/11/01 10:34:40 Воркер 2: канал закрыт, завершаю работу
2024/11/01 10:34:44 Воркер 1: отправлен сигнал на остановку и удаление
2024/11/01 10:34:44 Воркер 3: отправлен сигнал на остановку и удаление
2024/11/01 10:34:44 Воркер 4: отправлен сигнал на остановку и удаление
2024/11/01 10:34:44 Воркер 5: отправлен сигнал на остановку и удаление
2024/11/01 10:34:44 Воркер 6: отправлен сигнал на остановку и удаление
2024/11/01 10:34:44 Воркер 0: отправлен сигнал на остановку и удаление
2024/11/01 10:41:54 Воркер 1: обработал строку: Технология передачи данных является фундаментальной основой современной информационной инфраструктуры. Она обеспечивает обмен информацией между устройствами и системами, позволяя осуществлять коммуникации на локальном и глобальном уровнях.
2024/11/01 10:41:55 Воркер 2: обработал строку: 
2024/11/01 10:41:55 Воркер 1: обработал строку: 1. Основные понятия
2024/11/01 10:41:55 Воркер 3: обработал строку: Данные: Информация, представленная в цифровом виде для обработки и передачи.
2024/11/01 10:41:56 Воркер 2: обработал строку: Передача данных: Процесс перемещения данных от отправителя к получателю через определенный канал связи.
2024/11/01 10:41:56 Воркер 4: обработал строку: Канал связи: Среда, по которой передаются данные (проводная или беспроводная).
2024/11/01 10:41:56 Воркер 1: обработал строку: 2. Типы передачи данных
2024/11/01 10:41:56 Воркер 3: обработал строку: Аналоговая передача
2024/11/01 10:41:57 Воркер 5: обработал строку: Использует непрерывные сигналы для передачи информации. Примеры включают традиционные радио- и телевизионные передачи.
2024/11/01 10:41:57 Воркер 2: обработал строку: 
2024/11/01 10:41:57 Воркер 4: обработал строку: Цифровая передача
2024/11/01 10:41:57 Воркер 1: обработал строку: Данные представляются в двоичном виде (0 и 1). Этот тип передачи используется в компьютерных сетях и обеспечивает более высокую точность и надежность.
2024/11/01 10:41:57 Воркер 3: обработал строку: 
2024/11/01 10:41:58 Воркер 5: обработал строку: 3. Среды передачи данных
2024/11/01 10:41:58 Воркер 2: обработал строку: Проводные
2024/11/01 10:41:58 Воркер 4: обработал строку: Медные кабели: Включают витую пару и коаксиальные кабели. Используются в телефонных линиях и Ethernet-сетях.
2024/11/01 10:41:58 Воркер 1: обработал строку: Оптоволоконные кабели: Передача данных осуществляется с помощью световых импульсов. Обеспечивают высокую скорость и дальность передачи.
2024/11/01 10:41:58 Воркер 3: обработал строку: Беспроводные
2024/11/01 10:41:59 Воркер 5: обработал строку: Радиоволны: Используются в Wi-Fi, мобильной связи и спутниковых системах.
2024/11/01 10:41:59 Воркер 2: обработал строку: Инфракрасное излучение: Применяется в пультах дистанционного управления.
2024/11/01 10:41:59 Воркер 6: обработал строку: Микроволны: Используются для передачи данных на большие расстояния, включая спутниковую связь.
2024/11/01 10:41:59 Воркер 4: обработал строку: 4. Режимы передачи данных
2024/11/01 10:41:59 Воркер 1: обработал строку: Simplex: Односторонняя передача (например, радио).
2024/11/01 10:41:59 Воркер 3: обработал строку: Half-Duplex: Двусторонняя передача, но не одновременно (например, рации).
2024/11/01 10:42:00 Воркер 7: обработал строку: Full-Duplex: Одновременная двусторонняя передача (например, телефонные разговоры).
2024/11/01 10:42:00 Воркер 5: обработал строку: 5. Протоколы и стандарты
2024/11/01 10:42:00 Воркер 2: обработал строку: Протоколы определяют правила и форматы передачи данных, обеспечивая взаимодействие между устройствами.
2024/11/01 10:42:00 Воркер 6: обработал строку: 
2024/11/01 10:42:00 Воркер 4: обработал строку: TCP/IP: Базовый набор протоколов для Интернета.
2024/11/01 10:42:00 Воркер 1: обработал строку: HTTP/HTTPS: Протоколы для передачи веб-страниц.
2024/11/01 10:42:00 Воркер 3: обработал строку: FTP: Протокол передачи файлов.
2024/11/01 10:42:01 Воркер 7: обработал строку: SMTP/POP3/IMAP: Протоколы для отправки и получения электронной почты.
2024/11/01 10:42:01 Воркер 5: обработал строку: 6. Модели сетей
2024/11/01 10:42:01 Воркер 2: обработал строку: Модель OSI
2024/11/01 10:42:01 Воркер 6: обработал строку: Семислойная модель, описывающая функции сетевых систем на разных уровнях:
2024/11/01 10:42:01 Воркер 4: обработал строку: 
2024/11/01 10:42:01 Воркер 1: обработал строку: Физический слой
2024/11/01 10:42:01 Воркер 3: обработал строку: Канальный слой
2024/11/01 10:42:02 Воркер 7: обработал строку: Сетевой слой
2024/11/01 10:42:02 Воркер 5: обработал строку: Транспортный слой
2024/11/01 10:42:02 Воркер 2: обработал строку: Сеансовый слой
2024/11/01 10:42:02 Воркер 6: обработал строку: Представительский слой
2024/11/01 10:42:02 Воркер 4: обработал строку: Прикладной слой
2024/11/01 10:42:02 Воркер 1: обработал строку: Модель TCP/IP
2024/11/01 10:42:02 Воркер 3: обработал строку: Сокращенная версия модели OSI, используемая в реальных сетях.
2024/11/01 10:42:03 Воркер 7: обработал строку: 
2024/11/01 10:42:03 Воркер 5: обработал строку: 7. Методы кодирования и модуляции
2024/11/01 10:42:03 Воркер 2: обработал строку: Кодирование: Преобразование данных в сигналы для передачи.
2024/11/01 10:42:03 Воркер 6: обработал строку: Модуляция: Процесс изменения характеристик несущего сигнала для передачи данных (AM, FM, PSK).
2024/11/01 10:42:03 Воркер 4: обработал строку: 8. Контроль ошибок и исправление
2024/11/01 10:42:03 Воркер 1: обработал строку: CRC (Cyclic Redundancy Check): Метод обнаружения ошибок в переданных данных.
2024/11/01 10:42:03 Воркер 3: обработал строку: ARQ (Automatic Repeat reQuest): Протоколы, требующие повторной передачи ошибочных данных.
2024/11/01 10:42:04 Воркер 7: обработал строку: 9. Скорость передачи данных
2024/11/01 10:42:04 Воркер 5: обработал строку: Измеряется в битах в секунду (bps). Пропускная способность канала влияет на скорость передачи.
2024/11/01 10:42:04 Воркер 2: обработал строку: 
2024/11/01 10:42:04 Воркер 6: обработал строку: 10. Безопасность передачи данных
2024/11/01 10:42:04 Воркер 4: обработал строку: Шифрование: Использование алгоритмов для защиты данных от несанкционированного доступа.
2024/11/01 10:42:04 Воркер 1: обработал строку: SSL/TLS: Протоколы для безопасной передачи данных в Интернете.
2024/11/01 10:42:04 Воркер 3: обработал строку: VPN: Создание защищенных каналов поверх публичных сетей.
2024/11/01 10:42:05 Воркер 7: обработал строку: 11. Современные технологии
2024/11/01 10:42:05 Воркер 5: обработал строку: 5G: Новое поколение мобильной связи с высокой скоростью и низкой задержкой.
2024/11/01 10:42:05 Воркер 2: обработал строку: Интернет вещей (IoT): Сеть устройств, взаимодействующих между собой без участия человека.
2024/11/01 10:42:05 Воркер 6: обработал строку: Квантовая связь: Использование квантовых технологий для передачи данных с высокой степенью безопасности.
2024/11/01 10:42:05 Воркер 4: обработал строку: 12. Будущие тенденции
2024/11/01 10:42:05 Воркер 1: обработал строку: Edge Computing: Обработка данных на периферии сети для снижения задержек.
2024/11/01 10:42:05 Воркер 3: обработал строку: Ли-Фай (Li-Fi): Передача данных с помощью видимого света.
2024/11/01 10:42:06 Воркер 7: обработал строку: Искусственный интеллект в сетях: Оптимизация передачи данных с помощью машинного обучения.
2024/11/01 10:42:06 Воркер 5: обработал строку: Заключение
2024/11/01 10:42:06 Воркер 2: обработал строку: Технологии передачи данных постоянно эволюционируют, удовлетворяя растущие потребности в скорости, надежности и безопасности. Они играют ключевую роль в развитии глобальной коммуникации, экономики и технологий будущего.
2024/11/01 10:42:06 Воркер 1: отправлен сигнал на остановку и удаление
2024/11/01 10:42:06 Воркер 2: отправлен сигнал на остановку и удаление
2024/11/01 10:42:06 Воркер 3: отправлен сигнал на остановку и удаление
2024/11/01 10:42:06 Воркер 4: отправлен сигнал на остановку и удаление
2024/11/01 10:42:06 Воркер 5: отправлен сигнал на остановку и удаление
2024/11/01 10:42:06 Воркер 6: отправлен сигнал на остановку и удаление
2024/11/01 10:42:06 Воркер 0: отправлен сигнал на остановку и удаление
2024/11/01 10:42:06 Воркер 6: канал закрыт, завершаю работу
2024/11/01 10:42:06 Воркер 4: канал закрыт, завершаю работу
2024/11/01 10:42:06 Воркер 1: канал закрыт, завершаю работу
2024/11/01 10:42:06 Воркер 3: канал закрыт, завершаю работу
2024/11/01 10:42:07 Воркер 7: канал закрыт, завершаю работу
2024/11/01 10:42:07 Воркер 5: канал закрыт, завершаю работу
2024/11/01 10:42:07 Воркер 2: канал закрыт, завершаю работу
